[  +33 ms] executing: sysctl hw.optional.arm64
[   +3 ms] Exit code 0 from: sysctl hw.optional.arm64
[        ] hw.optional.arm64: 1
[   +3 ms] Artifact Instance of 'MaterialFonts' is not required, skipping update.
[        ] Artifact Instance of 'GradleWrapper' is not required, skipping update.
[        ] Artifact Instance of 'AndroidGenSnapshotArtifacts' is not required, skipping update.
[        ] Artifact Instance of 'AndroidInternalBuildArtifacts' is not required, skipping update.
[        ] Artifact Instance of 'IOSEngineArtifacts' is not required, skipping update.
[        ] Artifact Instance of 'FlutterWebSdk' is not required, skipping update.
[        ] Artifact Instance of 'LegacyCanvasKitRemover' is not required, skipping update.
[        ] Artifact Instance of 'FlutterSdk' is not required, skipping update.
[        ] Artifact Instance of 'WindowsEngineArtifacts' is not required, skipping update.
[        ] Artifact Instance of 'MacOSEngineArtifacts' is not required, skipping update.
[        ] Artifact Instance of 'LinuxEngineArtifacts' is not required, skipping update.
[        ] Artifact Instance of 'LinuxFuchsiaSDKArtifacts' is not required, skipping update.
[        ] Artifact Instance of 'MacOSFuchsiaSDKArtifacts' is not required, skipping update.
[        ] Artifact Instance of 'FlutterRunnerSDKArtifacts' is not required, skipping update.
[        ] Artifact Instance of 'FlutterRunnerDebugSymbols' is not required, skipping update.
[        ] Artifact Instance of 'IosUsbArtifacts' is not required, skipping update.
[        ] Artifact Instance of 'IosUsbArtifacts' is not required, skipping update.
[        ] Artifact Instance of 'IosUsbArtifacts' is not required, skipping update.
[        ] Artifact Instance of 'IosUsbArtifacts' is not required, skipping update.
[        ] Artifact Instance of 'IosUsbArtifacts' is not required, skipping update.
[        ] Artifact Instance of 'IosUsbArtifacts' is not required, skipping update.
[        ] Artifact Instance of 'FontSubsetArtifacts' is not required, skipping update.
[        ] Artifact Instance of 'PubDependencies' is not required, skipping update.
[        ] executing: [/opt/homebrew/share/flutter/] git -c log.showSignature=false log HEAD -n 1 --pretty=format:%ad --date=iso
[  +14 ms] Exit code 0 from: git -c log.showSignature=false log HEAD -n 1 --pretty=format:%ad --date=iso
[        ] 2026-01-26 15:21:03 -0800
[   +5 ms] Artifact Instance of 'AndroidGenSnapshotArtifacts' is not required, skipping update.
[        ] Artifact Instance of 'AndroidInternalBuildArtifacts' is not required, skipping update.
[        ] Artifact Instance of 'IOSEngineArtifacts' is not required, skipping update.
[        ] Artifact Instance of 'FlutterWebSdk' is not required, skipping update.
[        ] Artifact Instance of 'FlutterEngineStamp' is not required, skipping update.
[        ] Artifact Instance of 'LegacyCanvasKitRemover' is not required, skipping update.
[        ] Artifact Instance of 'WindowsEngineArtifacts' is not required, skipping update.
[        ] Artifact Instance of 'MacOSEngineArtifacts' is not required, skipping update.
[        ] Artifact Instance of 'LinuxEngineArtifacts' is not required, skipping update.
[        ] Artifact Instance of 'LinuxFuchsiaSDKArtifacts' is not required, skipping update.
[        ] Artifact Instance of 'MacOSFuchsiaSDKArtifacts' is not required, skipping update.
[        ] Artifact Instance of 'FlutterRunnerSDKArtifacts' is not required, skipping update.
[        ] Artifact Instance of 'FlutterRunnerDebugSymbols' is not required, skipping update.
[  +13 ms] Artifact Instance of 'MaterialFonts' is not required, skipping update.
[        ] Artifact Instance of 'GradleWrapper' is not required, skipping update.
[        ] Artifact Instance of 'AndroidInternalBuildArtifacts' is not required, skipping update.
[        ] Artifact Instance of 'IOSEngineArtifacts' is not required, skipping update.
[        ] Artifact Instance of 'FlutterWebSdk' is not required, skipping update.
[        ] Artifact Instance of 'FlutterEngineStamp' is not required, skipping update.
[        ] Artifact Instance of 'LegacyCanvasKitRemover' is not required, skipping update.
[        ] Artifact Instance of 'FlutterSdk' is not required, skipping update.
[        ] Artifact Instance of 'WindowsEngineArtifacts' is not required, skipping update.
[        ] Artifact Instance of 'MacOSEngineArtifacts' is not required, skipping update.
[        ] Artifact Instance of 'LinuxEngineArtifacts' is not required, skipping update.
[        ] Artifact Instance of 'LinuxFuchsiaSDKArtifacts' is not required, skipping update.
[        ] Artifact Instance of 'MacOSFuchsiaSDKArtifacts' is not required, skipping update.
[        ] Artifact Instance of 'FlutterRunnerSDKArtifacts' is not required, skipping update.
[        ] Artifact Instance of 'FlutterRunnerDebugSymbols' is not required, skipping update.
[        ] Artifact Instance of 'IosUsbArtifacts' is not required, skipping update.
[        ] Artifact Instance of 'IosUsbArtifacts' is not required, skipping update.
[        ] Artifact Instance of 'IosUsbArtifacts' is not required, skipping update.
[        ] Artifact Instance of 'IosUsbArtifacts' is not required, skipping update.
[        ] Artifact Instance of 'IosUsbArtifacts' is not required, skipping update.
[        ] Artifact Instance of 'IosUsbArtifacts' is not required, skipping update.
[        ] Artifact Instance of 'FontSubsetArtifacts' is not required, skipping update.
[        ] Artifact Instance of 'PubDependencies' is not required, skipping update.
[  +24 ms] executing: [/Users/pooha302/Documents/project/antigravity/daily_app/] /opt/homebrew/share/flutter/bin/cache/dart-sdk/bin/dart pub --suppress-analytics --directory . get --example
Resolving dependencies...
Downloading packages...
  _flutterfire_internals 1.3.59 (1.3.66 available)
  characters 1.4.0 (1.4.1 available)
  firebase_analytics 11.6.0 (12.1.1 available)
  firebase_analytics_platform_interface 4.4.3 (5.0.6 available)
  firebase_analytics_web 0.5.10+16 (0.6.1+2 available)
  firebase_core 3.15.2 (4.4.0 available)
  firebase_core_web 2.24.1 (3.4.0 available)
  flutter_launcher_icons 0.13.1 (0.14.4 available)
  flutter_lints 3.0.2 (6.0.0 available)
  google_fonts 6.3.3 (8.0.0 available)
  google_sign_in 6.3.0 (7.2.0 available)
  google_sign_in_android 6.2.1 (7.2.7 available)
  google_sign_in_ios 5.9.0 (6.2.5 available)
  google_sign_in_platform_interface 2.5.0 (3.1.0 available)
  google_sign_in_web 0.12.4+4 (1.1.0 available)
  googleapis 13.2.0 (15.0.0 available)
  googleapis_auth 1.6.0 (2.0.0 available)
  json_annotation 4.9.0 (4.10.0 available)
  lints 3.0.0 (6.1.0 available)
  matcher 0.12.17 (0.12.18 available)
  material_color_utilities 0.11.1 (0.13.0 available)
  meta 1.17.0 (1.18.1 available)
  path_provider 2.1.2 (2.1.5 available)
! path_provider_foundation 2.3.2 (overridden) (2.6.0 available)
  test_api 0.7.7 (0.7.9 available)
Got dependencies!
25 packages have newer versions incompatible with dependency constraints.
Try `flutter pub outdated` for more information.
[ +302 ms] Found plugin shared_preferences at /Users/pooha302/.pub-cache/hosted/pub.dev/shared_preferences-2.5.4/
[   +1 ms] Found plugin shared_preferences_windows at /Users/pooha302/.pub-cache/hosted/pub.dev/shared_preferences_windows-2.4.1/
[   +1 ms] Found plugin path_provider_windows at /Users/pooha302/.pub-cache/hosted/pub.dev/path_provider_windows-2.3.0/
[   +1 ms] Found plugin shared_preferences_web at /Users/pooha302/.pub-cache/hosted/pub.dev/shared_preferences_web-2.4.3/
[   +1 ms] Found plugin shared_preferences_linux at /Users/pooha302/.pub-cache/hosted/pub.dev/shared_preferences_linux-2.4.1/
[        ] Found plugin path_provider_linux at /Users/pooha302/.pub-cache/hosted/pub.dev/path_provider_linux-2.2.1/
[        ] Found plugin shared_preferences_foundation at /Users/pooha302/.pub-cache/hosted/pub.dev/shared_preferences_foundation-2.5.6/
[        ] Found plugin shared_preferences_android at /Users/pooha302/.pub-cache/hosted/pub.dev/shared_preferences_android-2.4.20/
[   +2 ms] Found plugin path_provider at /Users/pooha302/.pub-cache/hosted/pub.dev/path_provider-2.1.2/
[        ] Found plugin path_provider_foundation at /Users/pooha302/.pub-cache/hosted/pub.dev/path_provider_foundation-2.3.2/
[        ] Found plugin path_provider_android at /Users/pooha302/.pub-cache/hosted/pub.dev/path_provider_android-2.2.22/
[        ] Found plugin package_info_plus at /Users/pooha302/.pub-cache/hosted/pub.dev/package_info_plus-9.0.0/
[   +6 ms] Found plugin icloud_storage at /Users/pooha302/.pub-cache/hosted/pub.dev/icloud_storage-2.2.0/
[   +3 ms] Found plugin google_sign_in at /Users/pooha302/.pub-cache/hosted/pub.dev/google_sign_in-6.3.0/
[        ] Found plugin google_sign_in_web at /Users/pooha302/.pub-cache/hosted/pub.dev/google_sign_in_web-0.12.4+4/
[   +2 ms] Found plugin google_sign_in_ios at /Users/pooha302/.pub-cache/hosted/pub.dev/google_sign_in_ios-5.9.0/
[        ] Found plugin google_sign_in_android at /Users/pooha302/.pub-cache/hosted/pub.dev/google_sign_in_android-6.2.1/
[   +1 ms] Found plugin google_mobile_ads at /Users/pooha302/.pub-cache/hosted/pub.dev/google_mobile_ads-7.0.0/
[        ] Found plugin webview_flutter_wkwebview at /Users/pooha302/.pub-cache/hosted/pub.dev/webview_flutter_wkwebview-3.23.5/
[   +1 ms] Found plugin webview_flutter_android at /Users/pooha302/.pub-cache/hosted/pub.dev/webview_flutter_android-4.10.11/
[        ] Found plugin webview_flutter at /Users/pooha302/.pub-cache/hosted/pub.dev/webview_flutter-4.13.1/
[   +2 ms] Found plugin firebase_core at /Users/pooha302/.pub-cache/hosted/pub.dev/firebase_core-3.15.2/
[        ] Found plugin firebase_core_web at /Users/pooha302/.pub-cache/hosted/pub.dev/firebase_core_web-2.24.1/
[        ] Found plugin firebase_analytics at /Users/pooha302/.pub-cache/hosted/pub.dev/firebase_analytics-11.6.0/
[        ] Found plugin firebase_analytics_web at /Users/pooha302/.pub-cache/hosted/pub.dev/firebase_analytics_web-0.5.10+16/
[  +20 ms] Found plugin shared_preferences at /Users/pooha302/.pub-cache/hosted/pub.dev/shared_preferences-2.5.4/
[        ] Found plugin shared_preferences_windows at /Users/pooha302/.pub-cache/hosted/pub.dev/shared_preferences_windows-2.4.1/
[        ] Found plugin path_provider_windows at /Users/pooha302/.pub-cache/hosted/pub.dev/path_provider_windows-2.3.0/
[        ] Found plugin shared_preferences_web at /Users/pooha302/.pub-cache/hosted/pub.dev/shared_preferences_web-2.4.3/
[        ] Found plugin shared_preferences_linux at /Users/pooha302/.pub-cache/hosted/pub.dev/shared_preferences_linux-2.4.1/
[        ] Found plugin path_provider_linux at /Users/pooha302/.pub-cache/hosted/pub.dev/path_provider_linux-2.2.1/
[        ] Found plugin shared_preferences_foundation at /Users/pooha302/.pub-cache/hosted/pub.dev/shared_preferences_foundation-2.5.6/
[        ] Found plugin shared_preferences_android at /Users/pooha302/.pub-cache/hosted/pub.dev/shared_preferences_android-2.4.20/
[        ] Found plugin path_provider at /Users/pooha302/.pub-cache/hosted/pub.dev/path_provider-2.1.2/
[        ] Found plugin path_provider_foundation at /Users/pooha302/.pub-cache/hosted/pub.dev/path_provider_foundation-2.3.2/
[        ] Found plugin path_provider_android at /Users/pooha302/.pub-cache/hosted/pub.dev/path_provider_android-2.2.22/
[        ] Found plugin package_info_plus at /Users/pooha302/.pub-cache/hosted/pub.dev/package_info_plus-9.0.0/
[   +1 ms] Found plugin icloud_storage at /Users/pooha302/.pub-cache/hosted/pub.dev/icloud_storage-2.2.0/
[   +1 ms] Found plugin google_sign_in at /Users/pooha302/.pub-cache/hosted/pub.dev/google_sign_in-6.3.0/
[        ] Found plugin google_sign_in_web at /Users/pooha302/.pub-cache/hosted/pub.dev/google_sign_in_web-0.12.4+4/
[        ] Found plugin google_sign_in_ios at /Users/pooha302/.pub-cache/hosted/pub.dev/google_sign_in_ios-5.9.0/
[        ] Found plugin google_sign_in_android at /Users/pooha302/.pub-cache/hosted/pub.dev/google_sign_in_android-6.2.1/
[        ] Found plugin google_mobile_ads at /Users/pooha302/.pub-cache/hosted/pub.dev/google_mobile_ads-7.0.0/
[        ] Found plugin webview_flutter_wkwebview at /Users/pooha302/.pub-cache/hosted/pub.dev/webview_flutter_wkwebview-3.23.5/
[        ] Found plugin webview_flutter_android at /Users/pooha302/.pub-cache/hosted/pub.dev/webview_flutter_android-4.10.11/
[        ] Found plugin webview_flutter at /Users/pooha302/.pub-cache/hosted/pub.dev/webview_flutter-4.13.1/
[   +1 ms] Found plugin firebase_core at /Users/pooha302/.pub-cache/hosted/pub.dev/firebase_core-3.15.2/
[        ] Found plugin firebase_core_web at /Users/pooha302/.pub-cache/hosted/pub.dev/firebase_core_web-2.24.1/
[        ] Found plugin firebase_analytics at /Users/pooha302/.pub-cache/hosted/pub.dev/firebase_analytics-11.6.0/
[        ] Found plugin firebase_analytics_web at /Users/pooha302/.pub-cache/hosted/pub.dev/firebase_analytics_web-0.5.10+16/
[   +3 ms] Generating /Users/pooha302/Documents/project/antigravity/daily_app/android/app/src/main/java/io/flutter/plugins/GeneratedPluginRegistrant.java
[   +4 ms] Skipping generating GeneratedPluginRegistrant.java because it is up-to-date.
[        ] Skipping generating GeneratedPluginRegistrant.h because it is up-to-date.
[        ] Skipping generating GeneratedPluginRegistrant.m because it is up-to-date.
[   +4 ms] executing: sysctl hw.optional.arm64
[   +2 ms] Exit code 0 from: sysctl hw.optional.arm64
[        ] hw.optional.arm64: 1
[        ] executing: /usr/bin/arch -arm64e xcrun xcodebuild -version
[  +58 ms] Exit code 0 from: /usr/bin/arch -arm64e xcrun xcodebuild -version
[        ] Xcode 26.2
           Build version 17C52
[  +49 ms] executing: /usr/bin/plutil -convert xml1 -o - /Applications/Android Studio.app/Contents/Info.plist
[   +4 ms] Exit code 0 from: /usr/bin/plutil -convert xml1 -o - /Applications/Android Studio.app/Contents/Info.plist
[        ] <?xml version="1.0" encoding="UTF-8"?>
           <!DOCTYPE plist PUBLIC "-//Apple//DTD PLIST 1.0//EN" "http://www.apple.com/DTDs/PropertyList-1.0.dtd">
           <plist version="1.0">
           <dict>
           	<key>CFBundleDevelopmentRegion</key>
           	<string>English</string>
           	<key>CFBundleDocumentTypes</key>
           	<array>
           		<dict>
           			<key>CFBundleTypeExtensions</key>
           			<array>
           				<string>ipr</string>
           			</array>
           			<key>CFBundleTypeIconFile</key>
           			<string>studio.icns</string>
           			<key>CFBundleTypeName</key>
           			<string>Android Studio Project File</string>
           			<key>CFBundleTypeRole</key>
           			<string>Editor</string>
           		</dict>
           		<dict>
           			<key>CFBundleTypeExtensions</key>
           			<array>
           				<string>*</string>
           			</array>
           			<key>CFBundleTypeName</key>
           			<string>All documents</string>
           			<key>CFBundleTypeOSTypes</key>
           			<array>
           				<string>****</string>
           			</array>
           			<key>CFBundleTypeRole</key>
           			<string>Editor</string>
           			<key>LSTypeIsPackage</key>
           			<false/>
           		</dict>
           	</array>
           	<key>CFBundleExecutable</key>
           	<string>studio</string>
           	<key>CFBundleGetInfoString</key>
           	<string>Android Studio 2025.2, build AI-252.28238.7.2523.14688667. Copyright JetBrains s.r.o., (c) 2000-2025</string>
           	<key>CFBundleIconFile</key>
           	<string>studio.icns</string>
           	<key>CFBundleIdentifier</key>
           	<string>com.google.android.studio</string>
           	<key>CFBundleInfoDictionaryVersion</key>
           	<string>6.0</string>
           	<key>CFBundleName</key>
           	<string>Android Studio</string>
           	<key>CFBundlePackageType</key>
           	<string>APPL</string>
           	<key>CFBundleShortVersionString</key>
           	<string>2025.2</string>
           	<key>CFBundleURLTypes</key>
           	<array>
           		<dict>
           			<key>CFBundleTypeRole</key>
           			<string>Editor</string>
           			<key>CFBundleURLName</key>
           			<string>Stacktrace</string>
           			<key>CFBundleURLSchemes</key>
           			<array>
           				<string>idea</string>
           			</array>
           		</dict>
           	</array>
           	<key>CFBundleVersion</key>
           	<string>AI-252.28238.7.2523.14688667</string>
           	<key>LSApplicationCategoryType</key>
           	<string>public.app-category.developer-tools</string>
           	<key>LSArchitecturePriority</key>
           	<array>
           		<string>arm64</string>
           	</array>
           	<key>LSMinimumSystemVersion</key>
           	<string>10.13</string>
           	<key>LSRequiresNativeExecution</key>
           	<string>YES</string>
           	<key>NSAppleEventsUsageDescription</key>
           	<string>An application in Android Studio requests the ability to send Apple events.</string>
           	<key>NSBluetoothAlwaysUsageDescription</key>
           	<string>An application in Android Studio requests access to Bluetooth.</string>
           	<key>NSCameraUsageDescription</key>
           	<string>An application in Android Studio requests access to the device's camera.</string>
           	<key>NSDesktopFolderUsageDescription</key>
           	<string>An application in Android Studio requests access to the user's Desktop folder.</string>
           	<key>NSDocumentsFolderUsageDescription</key>
           	<string>An application in Android Studio requests access to the user's Documents folder.</string>
           	<key>NSDownloadsFolderUsageDescription</key>
           	<string>An application in Android Studio requests access to the user's Downloads folder.</string>
           	<key>NSHighResolutionCapable</key>
           	<true/>
           	<key>NSLocalNetworkUsageDescription</key>
           	<string>Android Studio's features, such as SSH and database connectivity, require permissions for accessing the local network and sending broadcast requests.</string>
           	<key>NSLocationUsageDescription</key>
           	<string>An application in Android Studio requests access to the user's location information.</string>
           	<key>NSMicrophoneUsageDescription</key>
           	<string>An application in Android Studio requests access to the device's microphone.</string>
           	<key>NSNetworkVolumesUsageDescription</key>
           	<string>An application in Android Studio requests access to files on a network volume.</string>
           	<key>NSRemovableVolumesUsageDescription</key>
           	<string>An application in Android Studio requests access to files on a removable volume.</string>
           	<key>NSSupportsAutomaticGraphicsSwitching</key>
           	<true/>
           </dict>
           </plist>
[   +3 ms] executing: /Applications/Android Studio.app/Contents/jbr/Contents/Home/bin/java -version
[  +41 ms] Exit code 0 from: /Applications/Android Studio.app/Contents/jbr/Contents/Home/bin/java -version
[        ] openjdk version "21.0.8" 2025-07-15
           OpenJDK Runtime Environment (build 21.0.8+-14196175-b1038.72)
           OpenJDK 64-Bit Server VM (build 21.0.8+-14196175-b1038.72, mixed mode)
[   +9 ms] Top-level Gradle build file not found, skipping migration of task "clean".
[   +1 ms] executing: /Applications/Android Studio.app/Contents/jbr/Contents/Home/bin/java --version
[  +46 ms] Exit code 0 from: /Applications/Android Studio.app/Contents/jbr/Contents/Home/bin/java --version
[        ] openjdk 21.0.8 2025-07-15
           OpenJDK Runtime Environment (build 21.0.8+-14196175-b1038.72)
           OpenJDK 64-Bit Server VM (build 21.0.8+-14196175-b1038.72, mixed mode)
[        ] Version of Java is different than impacted version, no migration attempted.
[   +4 ms] CMake project not found, skipping support Android 15 16k page size migration.
[   +1 ms] Using gradle from /Users/pooha302/Documents/project/antigravity/daily_app/android/gradlew.
[   +6 ms] LocalFile: '/Users/pooha302/Documents/project/antigravity/daily_app/android/build.gradle.kts' doesn't provide an AGP version. Checking settings.
[        ] LocalFile: '/Users/pooha302/Documents/project/antigravity/daily_app/android/settings.gradle.kts' provides AGP version: 8.11.1
[   +8 ms] Running Gradle task 'bundleRelease'...
[        ] executing: [/Users/pooha302/Documents/project/antigravity/daily_app/android/] /Users/pooha302/Documents/project/antigravity/daily_app/android/gradlew --full-stacktrace --info -Pverbose=true -Ptarget-platform=android-arm,android-arm64,android-x64 -Ptarget=lib/main.dart -Pbase-application-name=android.app.Application -Pdart-defines=RkxVVFRFUl9WRVJTSU9OPTMuMzguOA==,RkxVVFRFUl9DSEFOTkVMPXN0YWJsZQ==,RkxVVFRFUl9HSVRfVVJMPWh0dHBzOi8vZ2l0aHViLmNvbS9mbHV0dGVyL2ZsdXR0ZXIuZ2l0,RkxVVFRFUl9GUkFNRVdPUktfUkVWSVNJT049YmQ3YTRhNmI1NQ==,RkxVVFRFUl9FTkdJTkVfUkVWSVNJT049ZGIzNzNlYjg1YQ==,RkxVVFRFUl9EQVJUX1ZFUlNJT049My4xMC43 -Pdart-obfuscation=false -Ptrack-widget-creation=true -Ptree-shake-icons=true bundleRelease
[ +223 ms] Initialized native services in: /Users/pooha302/.gradle/native
[        ] Initialized jansi services in: /Users/pooha302/.gradle/native
[ +110 ms] The client will now receive all logging from the daemon (pid: 85927). The daemon log file: /Users/pooha302/.gradle/daemon/8.14/daemon-85927.out.log
[        ] Starting 3rd build in daemon [uptime: 1 mins 55.376 secs, performance: 100%, GC rate: 0.00/s, heap usage: 0% of 8 GiB, non-heap usage: 3% of 4 GiB]
[        ] Using 10 worker leases.
[        ] Now considering [/Users/pooha302/Documents/project/antigravity/daily_app/android, /opt/homebrew/share/flutter/packages/flutter_tools/gradle] as hierarchies to watch
[        ] Watching the file system is configured to be enabled if available
[        ] File system watching is active
[        ] Starting Build
[  +96 ms] Now considering [/opt/homebrew/share/flutter/packages/flutter_tools/gradle, /Users/pooha302/Documents/project/antigravity/daily_app/android] as hierarchies to watch
[        ] > Configure project :gradle
[        ] Evaluating project ':gradle' using build file '/opt/homebrew/share/flutter/packages/flutter_tools/gradle/build.gradle.kts'.
[        ] Resolved plugin [id: 'org.gradle.java-gradle-plugin']
[        ] Resolved plugin [id: 'org.gradle.groovy']
[        ] Resolved plugin [id: 'org.gradle.kotlin.kotlin-dsl', version: '5.2.0']
[        ] Resolved plugin [id: 'org.jetbrains.kotlin.jvm', version: '1.9.20']
[        ] Using Kotlin Gradle Plugin gradle85 variant
[        ] kotlin scripting plugin: created the scripting discovery configuration: kotlinScriptDef
[        ] kotlin scripting plugin: created the scripting discovery configuration: testKotlinScriptDef
[        ] file or directory '/opt/homebrew/share/flutter/packages/flutter_tools/gradle/src/main/java', not found
[        ] Resolved plugin [id: 'dev.flutter.flutter-plugin-loader', version: '1.0.0']
[        ] Resolved plugin [id: 'com.android.application', version: '8.11.1', apply: false]
[        ] Resolved plugin [id: 'org.jetbrains.kotlin.android', version: '2.2.20', apply: false]
[        ] Resolved plugin [id: 'com.google.gms.google-services', version: '4.4.0', apply: false]
[        ] Resolve mutations for :gradle:checkKotlinGradlePluginConfigurationErrors (Thread[#348,Execution worker,5,main]) started.
[        ] :gradle:checkKotlinGradlePluginConfigurationErrors (Thread[#348,Execution worker,5,main]) started.
[        ] > Task :gradle:checkKotlinGradlePluginConfigurationErrors SKIPPED
[        ] Skipping task ':gradle:checkKotlinGradlePluginConfigurationErrors' as task onlyIf 'errorDiagnostics are present' is false.
[        ] Resolve mutations for :gradle:compileKotlin (Thread[#348,Execution worker,5,main]) started.
[        ] :gradle:compileKotlin (Thread[#348,Execution worker,5,main]) started.
[        ] > Task :gradle:compileKotlin UP-TO-DATE
[        ] Caching disabled for task ':gradle:compileKotlin' because:
[        ]   Build cache is disabled
[        ] Skipping task ':gradle:compileKotlin' as it is up-to-date.
[        ] Resolve mutations for :gradle:compileJava (Thread[#348,Execution worker,5,main]) started.
[        ] :gradle:compileJava (Thread[#348,Execution worker,5,main]) started.
[        ] > Task :gradle:compileJava NO-SOURCE
[        ] Skipping task ':gradle:compileJava' as it has no source files and no previous output files.
[        ] Resolve mutations for :gradle:compileGroovy (Thread[#348,Execution worker,5,main]) started.
[        ] :gradle:compileGroovy (Thread[#348,Execution worker,5,main]) started.
[        ] > Task :gradle:compileGroovy NO-SOURCE
[        ] Skipping task ':gradle:compileGroovy' as it has no source files and no previous output files.
[        ] Resolve mutations for :gradle:pluginDescriptors (Thread[#348,Execution worker,5,main]) started.
[        ] :gradle:pluginDescriptors (Thread[#348,Execution worker,5,main]) started.
[        ] > Task :gradle:pluginDescriptors UP-TO-DATE
[        ] Caching disabled for task ':gradle:pluginDescriptors' because:
[        ]   Build cache is disabled
[        ]   Not worth caching
[        ] Skipping task ':gradle:pluginDescriptors' as it is up-to-date.
[        ] Resolve mutations for :gradle:processResources (Thread[#348,Execution worker,5,main]) started.
[        ] :gradle:processResources (Thread[#348,Execution worker,5,main]) started.
[        ] > Task :gradle:processResources UP-TO-DATE
[        ] Caching disabled for task ':gradle:processResources' because:
[        ]   Build cache is disabled
[        ]   Not worth caching
[        ] Skipping task ':gradle:processResources' as it is up-to-date.
[        ] Resolve mutations for :gradle:classes (Thread[#347,included builds,5,main]) started.
[        ] :gradle:classes (Thread[#347,included builds,5,main]) started.
[        ] > Task :gradle:classes UP-TO-DATE
[        ] Skipping task ':gradle:classes' as it has no actions.
[        ] Resolve mutations for :gradle:jar (Thread[#347,included builds,5,main]) started.
[        ] :gradle:jar (Thread[#347,included builds,5,main]) started.
[        ] > Task :gradle:jar UP-TO-DATE
[        ] Caching disabled for task ':gradle:jar' because:
[        ]   Build cache is disabled
[        ]   Not worth caching
[        ] Skipping task ':gradle:jar' as it is up-to-date.
[  +98 ms] Settings evaluated using settings file '/Users/pooha302/Documents/project/antigravity/daily_app/android/settings.gradle.kts'.
[        ] Projects loaded. Root project using build file '/Users/pooha302/Documents/project/antigravity/daily_app/android/build.gradle.kts'.
[        ] Included projects: [root project 'android', project ':app', project ':firebase_analytics', project ':firebase_core', project ':google_mobile_ads', project ':google_sign_in_android', project ':package_info_plus', project ':path_provider_android', project ':shared_preferences_android', project ':webview_flutter_android']
[  +98 ms] > Configure project :app
[        ] Evaluating project ':app' using build file '/Users/pooha302/Documents/project/antigravity/daily_app/android/app/build.gradle.kts'.
[        ] Resolved plugin [id: 'com.android.application']
[        ] Resolved plugin [id: 'kotlin-android']
[        ] Resolved plugin [id: 'dev.flutter.flutter-gradle-plugin']
[        ] Resolved plugin [id: 'com.google.gms.google-services']
[        ] Using default execution profile
[        ] Build ee9b8760-3514-4f5b-b8d6-6844c33540ee is started
[        ] Using Kotlin Gradle Plugin gradle813 variant
[        ] C/C++: android.ndkVersion from module build.gradle is [28.2.13676358]
[        ] C/C++: android.ndkPath from module build.gradle is not set
[        ] C/C++: ndk.dir in local.properties is not set
[        ] C/C++: Not considering ANDROID_NDK_HOME because support was removed after deprecation period.
[        ] C/C++: sdkFolder is /Users/pooha302/Library/Android/sdk
[        ] C/C++: android.ndkVersion from module build.gradle is [28.2.13676358]
[        ] C/C++: android.ndkPath from module build.gradle is not set
[        ] C/C++: ndk.dir in local.properties is not set
[        ] C/C++: Not considering ANDROID_NDK_HOME because support was removed after deprecation period.
[        ] C/C++: sdkFolder is /Users/pooha302/Library/Android/sdk
[        ] C/C++: android.ndkVersion from module build.gradle is [28.2.13676358]
[        ] C/C++: android.ndkPath from module build.gradle is not set
[        ] C/C++: ndk.dir in local.properties is not set
[        ] C/C++: Not considering ANDROID_NDK_HOME because support was removed after deprecation period.
[        ] C/C++: sdkFolder is /Users/pooha302/Library/Android/sdk
[        ] C/C++: android.ndkVersion from module build.gradle is [28.2.13676358]
[        ] C/C++: android.ndkPath from module build.gradle is not set
[        ] C/C++: ndk.dir in local.properties is not set
[        ] C/C++: Not considering ANDROID_NDK_HOME because support was removed after deprecation period.
[        ] C/C++: sdkFolder is /Users/pooha302/Library/Android/sdk
[        ] C/C++: android.ndkVersion from module build.gradle is [28.2.13676358]
[        ] C/C++: android.ndkPath from module build.gradle is not set
[        ] C/C++: ndk.dir in local.properties is not set
[        ] C/C++: Not considering ANDROID_NDK_HOME because support was removed after deprecation period.
[        ] C/C++: sdkFolder is /Users/pooha302/Library/Android/sdk
[        ] C/C++: android.ndkVersion from module build.gradle is [28.2.13676358]
[        ] C/C++: android.ndkPath from module build.gradle is not set
[        ] C/C++: ndk.dir in local.properties is not set
[        ] C/C++: Not considering ANDROID_NDK_HOME because support was removed after deprecation period.
[        ] C/C++: sdkFolder is /Users/pooha302/Library/Android/sdk
[        ] C/C++: android.ndkVersion from module build.gradle is [28.2.13676358]
[        ] C/C++: android.ndkPath from module build.gradle is not set
[        ] C/C++: ndk.dir in local.properties is not set
[        ] C/C++: Not considering ANDROID_NDK_HOME because support was removed after deprecation period.
[        ] C/C++: sdkFolder is /Users/pooha302/Library/Android/sdk
[        ] C/C++: android.ndkVersion from module build.gradle is [28.2.13676358]
[        ] C/C++: android.ndkPath from module build.gradle is not set
[        ] C/C++: ndk.dir in local.properties is not set
[        ] C/C++: Not considering ANDROID_NDK_HOME because support was removed after deprecation period.
[        ] C/C++: sdkFolder is /Users/pooha302/Library/Android/sdk
[        ] C/C++: android.ndkVersion from module build.gradle is [28.2.13676358]
[        ] C/C++: android.ndkPath from module build.gradle is not set
[        ] C/C++: ndk.dir in local.properties is not set
[        ] C/C++: Not considering ANDROID_NDK_HOME because support was removed after deprecation period.
[        ] C/C++: sdkFolder is /Users/pooha302/Library/Android/sdk
[        ] C/C++: android.ndkVersion from module build.gradle is [28.2.13676358]
[        ] C/C++: android.ndkPath from module build.gradle is not set
[        ] C/C++: ndk.dir in local.properties is not set
[        ] C/C++: Not considering ANDROID_NDK_HOME because support was removed after deprecation period.
[        ] C/C++: sdkFolder is /Users/pooha302/Library/Android/sdk
[        ] C/C++: android.ndkVersion from module build.gradle is [28.2.13676358]
[        ] C/C++: android.ndkPath from module build.gradle is not set
[        ] C/C++: ndk.dir in local.properties is not set
[        ] C/C++: Not considering ANDROID_NDK_HOME because support was removed after deprecation period.
[        ] C/C++: sdkFolder is /Users/pooha302/Library/Android/sdk
[        ] C/C++: android.ndkVersion from module build.gradle is [28.2.13676358]
[        ] C/C++: android.ndkPath from module build.gradle is not set
[        ] C/C++: ndk.dir in local.properties is not set
[        ] C/C++: Not considering ANDROID_NDK_HOME because support was removed after deprecation period.
[        ] C/C++: sdkFolder is /Users/pooha302/Library/Android/sdk
[        ] C/C++: android.ndkVersion from module build.gradle is [28.2.13676358]
[        ] C/C++: android.ndkPath from module build.gradle is not set
[        ] C/C++: ndk.dir in local.properties is not set
[        ] C/C++: Not considering ANDROID_NDK_HOME because support was removed after deprecation period.
[        ] C/C++: sdkFolder is /Users/pooha302/Library/Android/sdk
[        ] C/C++: android.ndkVersion from module build.gradle is [28.2.13676358]
[        ] C/C++: android.ndkPath from module build.gradle is not set
[        ] C/C++: ndk.dir in local.properties is not set
[        ] C/C++: Not considering ANDROID_NDK_HOME because support was removed after deprecation period.
[        ] C/C++: sdkFolder is /Users/pooha302/Library/Android/sdk
[        ] C/C++: android.ndkVersion from module build.gradle is [28.2.13676358]
[        ] C/C++: android.ndkPath from module build.gradle is not set
[        ] C/C++: ndk.dir in local.properties is not set
[        ] C/C++: Not considering ANDROID_NDK_HOME because support was removed after deprecation period.
[        ] C/C++: sdkFolder is /Users/pooha302/Library/Android/sdk
[        ] C/C++: android.ndkVersion from module build.gradle is [28.2.13676358]
[        ] C/C++: android.ndkPath from module build.gradle is not set
[        ] C/C++: ndk.dir in local.properties is not set
[        ] C/C++: Not considering ANDROID_NDK_HOME because support was removed after deprecation period.
[        ] C/C++: sdkFolder is /Users/pooha302/Library/Android/sdk
[        ] C/C++: android.ndkVersion from module build.gradle is [28.2.13676358]
[        ] C/C++: android.ndkPath from module build.gradle is not set
[        ] C/C++: ndk.dir in local.properties is not set
[        ] C/C++: Not considering ANDROID_NDK_HOME because support was removed after deprecation period.
[        ] C/C++: sdkFolder is /Users/pooha302/Library/Android/sdk
[        ] C/C++: android.ndkVersion from module build.gradle is [28.2.13676358]
[        ] C/C++: android.ndkPath from module build.gradle is not set
[        ] C/C++: ndk.dir in local.properties is not set
[        ] C/C++: Not considering ANDROID_NDK_HOME because support was removed after deprecation period.
[        ] C/C++: sdkFolder is /Users/pooha302/Library/Android/sdk
[        ] C/C++: android.ndkVersion from module build.gradle is [28.2.13676358]
[        ] C/C++: android.ndkPath from module build.gradle is not set
[        ] C/C++: ndk.dir in local.properties is not set
[        ] C/C++: Not considering ANDROID_NDK_HOME because support was removed after deprecation period.
[        ] C/C++: sdkFolder is /Users/pooha302/Library/Android/sdk
[        ] > Configure project :
[        ] Evaluating root project 'android' using build file '/Users/pooha302/Documents/project/antigravity/daily_app/android/build.gradle.kts'.
[        ] > Configure project :firebase_analytics
[        ] Evaluating project ':firebase_analytics' using build file '/Users/pooha302/.pub-cache/hosted/pub.dev/firebase_analytics-11.6.0/android/build.gradle'.
[        ] Using default execution profile
[        ] Using Kotlin Gradle Plugin gradle813 variant
[        ] > Configure project :firebase_core
[        ] Evaluating project ':firebase_core' using build file '/Users/pooha302/.pub-cache/hosted/pub.dev/firebase_core-3.15.2/android/build.gradle'.
[        ] Using default execution profile
[  +97 ms] > Configure project :google_mobile_ads
[        ] Evaluating project ':google_mobile_ads' using build file '/Users/pooha302/.pub-cache/hosted/pub.dev/google_mobile_ads-7.0.0/android/build.gradle'.
[        ] Using default execution profile
[        ] > Configure project :google_sign_in_android
[        ] Evaluating project ':google_sign_in_android' using build file '/Users/pooha302/.pub-cache/hosted/pub.dev/google_sign_in_android-6.2.1/android/build.gradle'.
[        ] Using default execution profile
[        ] > Configure project :package_info_plus
[        ] Evaluating project ':package_info_plus' using build file '/Users/pooha302/.pub-cache/hosted/pub.dev/package_info_plus-9.0.0/android/build.gradle'.
[        ] Using default execution profile
[        ] Using Kotlin Gradle Plugin gradle813 variant
[ +100 ms] > Configure project :path_provider_android
[        ] Evaluating project ':path_provider_android' using build file '/Users/pooha302/.pub-cache/hosted/pub.dev/path_provider_android-2.2.22/android/build.gradle'.
[        ] Using default execution profile
[        ] > Configure project :shared_preferences_android
[        ] Evaluating project ':shared_preferences_android' using build file '/Users/pooha302/.pub-cache/hosted/pub.dev/shared_preferences_android-2.4.20/android/build.gradle'.
[        ] Using default execution profile
[        ] Using Kotlin Gradle Plugin gradle813 variant
[  +98 ms] > Configure project :webview_flutter_android
[        ] Evaluating project ':webview_flutter_android' using build file '/Users/pooha302/.pub-cache/hosted/pub.dev/webview_flutter_android-4.10.11/android/build.gradle'.
[        ] Using default execution profile
[        ] Using Kotlin Gradle Plugin gradle813 variant
[        ] All projects evaluated.
[        ] Task name matched 'bundleRelease'
[        ] Selected primary task 'bundleRelease' from project :
[ +101 ms] Tasks to be executed: [task ':app:preBuild', task ':app:preReleaseBuild', task ':app:extractReleaseVersionControlInfo', task ':app:cleanMergeReleaseAssets', task ':app:mergeReleaseShaders', task ':app:compileReleaseShaders', task ':app:generateReleaseAssets', task ':app:compileFlutterBuildRelease', task ':app:packJniLibsflutterBuildRelease', task ':firebase_analytics:preBuild', task ':firebase_analytics:preReleaseBuild', task ':firebase_analytics:mergeReleaseShaders', task ':firebase_analytics:compileReleaseShaders', task ':firebase_analytics:generateReleaseAssets', task ':firebase_analytics:mergeReleaseAssets', task ':firebase_core:preBuild', task ':firebase_core:preReleaseBuild', task ':firebase_core:mergeReleaseShaders', task ':firebase_core:compileReleaseShaders', task ':firebase_core:generateReleaseAssets', task ':firebase_core:mergeReleaseAssets', task ':google_mobile_ads:preBuild', task ':google_mobile_ads:preReleaseBuild', task ':google_mobile_ads:mergeReleaseShaders', task ':google_mobile_ads:compileReleaseShaders', task ':google_mobile_ads:generateReleaseAssets', task ':google_mobile_ads:mergeReleaseAssets', task ':google_sign_in_android:preBuild', task ':google_sign_in_android:preReleaseBuild', task ':google_sign_in_android:mergeReleaseShaders', task ':google_sign_in_android:compileReleaseShaders', task ':google_sign_in_android:generateReleaseAssets', task ':google_sign_in_android:mergeReleaseAssets', task ':package_info_plus:preBuild', task ':package_info_plus:preReleaseBuild', task ':package_info_plus:mergeReleaseShaders', task ':package_info_plus:compileReleaseShaders', task ':package_info_plus:generateReleaseAssets', task ':package_info_plus:mergeReleaseAssets', task ':path_provider_android:preBuild', task ':path_provider_android:preReleaseBuild', task ':path_provider_android:mergeReleaseShaders', task ':path_provider_android:compileReleaseShaders', task ':path_provider_android:generateReleaseAssets', task ':path_provider_android:mergeReleaseAssets', task ':shared_preferences_android:preBuild', task ':shared_preferences_android:preReleaseBuild', task ':shared_preferences_android:mergeReleaseShaders', task ':shared_preferences_android:compileReleaseShaders', task ':shared_preferences_android:generateReleaseAssets', task ':shared_preferences_android:mergeReleaseAssets', task ':webview_flutter_android:preBuild', task ':webview_flutter_android:preReleaseBuild', task ':webview_flutter_android:mergeReleaseShaders', task ':webview_flutter_android:compileReleaseShaders', task ':webview_flutter_android:generateReleaseAssets', task ':webview_flutter_android:mergeReleaseAssets', task ':app:mergeReleaseAssets', task ':firebase_analytics:checkKotlinGradlePluginConfigurationErrors', task ':firebase_analytics:generateReleaseBuildConfig', task ':firebase_analytics:generateReleaseResValues', task ':firebase_analytics:generateReleaseResources', task ':firebase_analytics:packageReleaseResources', task ':firebase_analytics:parseReleaseLocalResources', task ':firebase_analytics:generateReleaseRFile', task ':firebase_core:generateReleaseBuildConfig', task ':firebase_core:generateReleaseResValues', task ':firebase_core:generateReleaseResources', task ':firebase_core:packageReleaseResources', task ':firebase_core:parseReleaseLocalResources', task ':firebase_core:generateReleaseRFile', task ':firebase_core:javaPreCompileRelease', task ':firebase_core:compileReleaseJavaWithJavac', task ':firebase_core:bundleLibCompileToJarRelease', task ':firebase_analytics:compileReleaseKotlin', task ':firebase_analytics:javaPreCompileRelease', task ':firebase_analytics:compileReleaseJavaWithJavac', task ':firebase_analytics:mergeReleaseGeneratedProguardFiles', task ':firebase_analytics:exportReleaseConsumerProguardFiles', task ':firebase_core:mergeReleaseGeneratedProguardFiles', task ':firebase_core:exportReleaseConsumerProguardFiles', task ':google_mobile_ads:generateReleaseResValues', task ':google_mobile_ads:generateReleaseResources', task ':google_mobile_ads:packageReleaseResources', task ':google_mobile_ads:parseReleaseLocalResources', task ':google_mobile_ads:generateReleaseRFile', task ':google_mobile_ads:javaPreCompileRelease', task ':webview_flutter_android:checkKotlinGradlePluginConfigurationErrors', task ':webview_flutter_android:generateReleaseResValues', task ':webview_flutter_android:generateReleaseResources', task ':webview_flutter_android:packageReleaseResources', task ':webview_flutter_android:parseReleaseLocalResources', task ':webview_flutter_android:generateReleaseRFile', task ':webview_flutter_android:compileReleaseKotlin', task ':webview_flutter_android:javaPreCompileRelease', task ':webview_flutter_android:compileReleaseJavaWithJavac', task ':webview_flutter_android:bundleLibCompileToJarRelease', task ':google_mobile_ads:compileReleaseJavaWithJavac', task ':google_mobile_ads:mergeReleaseGeneratedProguardFiles', task ':google_mobile_ads:exportReleaseConsumerProguardFiles', task ':google_sign_in_android:generateReleaseResValues', task ':google_sign_in_android:generateReleaseResources', task ':google_sign_in_android:packageReleaseResources', task ':google_sign_in_android:parseReleaseLocalResources', task ':google_sign_in_android:generateReleaseRFile', task ':google_sign_in_android:javaPreCompileRelease', task ':google_sign_in_android:compileReleaseJavaWithJavac', task ':google_sign_in_android:mergeReleaseGeneratedProguardFiles', task ':google_sign_in_android:exportReleaseConsumerProguardFiles', task ':package_info_plus:checkKotlinGradlePluginConfigurationErrors', task ':package_info_plus:generateReleaseResValues', task ':package_info_plus:generateReleaseResources', task ':package_info_plus:packageReleaseResources', task ':package_info_plus:parseReleaseLocalResources', task ':package_info_plus:generateReleaseRFile', task ':package_info_plus:compileReleaseKotlin', task ':package_info_plus:javaPreCompileRelease', task ':package_info_plus:compileReleaseJavaWithJavac', task ':package_info_plus:mergeReleaseGeneratedProguardFiles', task ':package_info_plus:exportReleaseConsumerProguardFiles', task ':path_provider_android:generateReleaseResValues', task ':path_provider_android:generateReleaseResources', task ':path_provider_android:packageReleaseResources', task ':path_provider_android:parseReleaseLocalResources', task ':path_provider_android:generateReleaseRFile', task ':path_provider_android:javaPreCompileRelease', task ':path_provider_android:compileReleaseJavaWithJavac', task ':path_provider_android:mergeReleaseGeneratedProguardFiles', task ':path_provider_android:exportReleaseConsumerProguardFiles', task ':shared_preferences_android:checkKotlinGradlePluginConfigurationErrors', task ':shared_preferences_android:generateReleaseResValues', task ':shared_preferences_android:generateReleaseResources', task ':shared_preferences_android:packageReleaseResources', task ':shared_preferences_android:parseReleaseLocalResources', task ':shared_preferences_android:generateReleaseRFile', task ':shared_preferences_android:compileReleaseKotlin', task ':shared_preferences_android:javaPreCompileRelease', task ':shared_preferences_android:compileReleaseJavaWithJavac', task ':shared_preferences_android:mergeReleaseGeneratedProguardFiles', task ':shared_preferences_android:exportReleaseConsumerProguardFiles', task ':webview_flutter_android:mergeReleaseGeneratedProguardFiles', task ':webview_flutter_android:exportReleaseConsumerProguardFiles', task ':app:buildKotlinToolingMetadata', task ':app:checkReleaseDuplicateClasses', task ':app:checkKotlinGradlePluginConfigurationErrors', task ':firebase_analytics:writeReleaseAarMetadata', task ':firebase_core:writeReleaseAarMetadata', task ':google_mobile_ads:writeReleaseAarMetadata', task ':google_sign_in_android:writeReleaseAarMetadata', task ':package_info_plus:writeReleaseAarMetadata', task ':path_provider_android:writeReleaseAarMetadata', task ':shared_preferences_android:writeReleaseAarMetadata', task ':webview_flutter_android:writeReleaseAarMetadata', task ':app:checkReleaseAarMetadata', task ':app:copyFlutterAssetsRelease', task ':app:generateReleaseResValues', task ':app:processReleaseGoogleServices', task ':app:mapReleaseSourceSetPaths', task ':app:generateReleaseResources', task ':app:mergeReleaseResources', task ':app:packageReleaseResources', task ':app:parseReleaseLocalResources', task ':app:createReleaseCompatibleScreenManifests', task ':app:extractDeepLinksRelease', task ':firebase_analytics:extractDeepLinksRelease', task ':firebase_analytics:processReleaseManifest', task ':firebase_core:extractDeepLinksRelease', task ':firebase_core:processReleaseManifest', task ':google_mobile_ads:extractDeepLinksRelease', task ':google_mobile_ads:processReleaseManifest', task ':google_sign_in_android:extractDeepLinksRelease', task ':google_sign_in_android:processReleaseManifest', task ':package_info_plus:extractDeepLinksRelease', task ':package_info_plus:processReleaseManifest', task ':path_provider_android:extractDeepLinksRelease', task ':path_provider_android:processReleaseManifest', task ':shared_preferences_android:extractDeepLinksRelease', task ':shared_preferences_android:processReleaseManifest', task ':webview_flutter_android:extractDeepLinksRelease', task ':webview_flutter_android:processReleaseManifest', task ':app:processReleaseMainManifest', task ':app:outputReleaseAppLinkSettings', task ':app:processReleaseManifest', task ':app:processReleaseManifestForPackage', task ':app:processReleaseResources', task ':firebase_analytics:bundleLibCompileToJarRelease', task ':google_mobile_ads:bundleLibCompileToJarRelease', task ':google_sign_in_android:bundleLibCompileToJarRelease', task ':package_info_plus:bundleLibCompileToJarRelease', task ':path_provider_android:bundleLibCompileToJarRelease', task ':shared_preferences_android:bundleLibCompileToJarRelease', task ':app:compileReleaseKotlin', task ':app:javaPreCompileRelease', task ':app:compileReleaseJavaWithJavac', task ':firebase_analytics:prepareReleaseArtProfile', task ':firebase_core:prepareReleaseArtProfile', task ':google_mobile_ads:prepareReleaseArtProfile', task ':google_sign_in_android:prepareReleaseArtProfile', task ':package_info_plus:prepareReleaseArtProfile', task ':path_provider_android:prepareReleaseArtProfile', task ':shared_preferences_android:prepareReleaseArtProfile', task ':webview_flutter_android:prepareReleaseArtProfile', task ':app:mergeReleaseArtProfile', task ':firebase_analytics:bundleLibRuntimeToJarRelease', task ':firebase_core:bundleLibRuntimeToJarRelease', task ':google_mobile_ads:bundleLibRuntimeToJarRelease', task ':google_sign_in_android:bundleLibRuntimeToJarRelease', task ':package_info_plus:bundleLibRuntimeToJarRelease', task ':path_provider_android:bundleLibRuntimeToJarRelease', task ':shared_preferences_android:bundleLibRuntimeToJarRelease', task ':webview_flutter_android:bundleLibRuntimeToJarRelease', task ':app:expandReleaseArtProfileWildcards', task ':app:extractProguardFiles', task ':app:mergeReleaseGeneratedProguardFiles', task ':app:processReleaseJavaRes', task ':firebase_analytics:processReleaseJavaRes', task ':firebase_core:processReleaseJavaRes', task ':google_mobile_ads:processReleaseJavaRes', task ':google_sign_in_android:processReleaseJavaRes', task ':package_info_plus:processReleaseJavaRes', task ':path_provider_android:processReleaseJavaRes', task ':shared_preferences_android:processReleaseJavaRes', task ':webview_flutter_android:processReleaseJavaRes', task ':app:mergeReleaseJavaResource', task ':app:mergeReleaseStartupProfile', task ':app:minifyReleaseWithR8', task ':app:configureCMakeRelease[arm64-v8a]', task ':app:buildCMakeRelease[arm64-v8a]', task ':app:configureCMakeRelease[armeabi-v7a]', task ':app:buildCMakeRelease[armeabi-v7a]', task ':app:configureCMakeRelease[x86_64]', task ':app:buildCMakeRelease[x86_64]', task ':app:mergeReleaseJniLibFolders', task ':firebase_analytics:mergeReleaseJniLibFolders', task ':firebase_analytics:mergeReleaseNativeLibs', task ':firebase_analytics:copyReleaseJniLibsProjectOnly', task ':firebase_core:mergeReleaseJniLibFolders', task ':firebase_core:mergeReleaseNativeLibs', task ':firebase_core:copyReleaseJniLibsProjectOnly', task ':google_mobile_ads:mergeReleaseJniLibFolders', task ':google_mobile_ads:mergeReleaseNativeLibs', task ':google_mobile_ads:copyReleaseJniLibsProjectOnly', task ':google_sign_in_android:mergeReleaseJniLibFolders', task ':google_sign_in_android:mergeReleaseNativeLibs', task ':google_sign_in_android:copyReleaseJniLibsProjectOnly', task ':package_info_plus:mergeReleaseJniLibFolders', task ':package_info_plus:mergeReleaseNativeLibs', task ':package_info_plus:copyReleaseJniLibsProjectOnly', task ':path_provider_android:mergeReleaseJniLibFolders', task ':path_provider_android:mergeReleaseNativeLibs', task ':path_provider_android:copyReleaseJniLibsProjectOnly', task ':shared_preferences_android:mergeReleaseJniLibFolders', task ':shared_preferences_android:mergeReleaseNativeLibs', task ':shared_preferences_android:copyReleaseJniLibsProjectOnly', task ':webview_flutter_android:mergeReleaseJniLibFolders', task ':webview_flutter_android:mergeReleaseNativeLibs', task ':webview_flutter_android:copyReleaseJniLibsProjectOnly', task ':app:mergeReleaseNativeLibs', task ':app:stripReleaseDebugSymbols', task ':app:writeReleaseAppMetadata', task ':app:buildReleasePreBundle', task ':app:compileReleaseArtProfile', task ':app:collectReleaseDependencies', task ':app:configureReleaseDependencies', task ':app:extractReleaseNativeSymbolTables', task ':firebase_analytics:createFullJarRelease', task ':firebase_analytics:extractProguardFiles', task ':firebase_core:createFullJarRelease', task ':firebase_core:extractProguardFiles', task ':firebase_core:generateReleaseLintModel', task ':firebase_core:prepareLintJarForPublish', task ':firebase_analytics:generateReleaseLintModel', task ':firebase_analytics:prepareLintJarForPublish', task ':google_mobile_ads:createFullJarRelease', task ':google_mobile_ads:extractProguardFiles', task ':webview_flutter_android:createFullJarRelease', task ':webview_flutter_android:extractProguardFiles', task ':webview_flutter_android:generateReleaseLintModel', task ':webview_flutter_android:prepareLintJarForPublish', task ':google_mobile_ads:generateReleaseLintModel', task ':google_mobile_ads:prepareLintJarForPublish', task ':google_sign_in_android:createFullJarRelease', task ':google_sign_in_android:extractProguardFiles', task ':google_sign_in_android:generateReleaseLintModel', task ':google_sign_in_android:prepareLintJarForPublish', task ':package_info_plus:createFullJarRelease', task ':package_info_plus:extractProguardFiles', task ':package_info_plus:generateReleaseLintModel', task ':package_info_plus:prepareLintJarForPublish', task ':path_provider_android:createFullJarRelease', task ':path_provider_android:extractProguardFiles', task ':path_provider_android:generateReleaseLintModel', task ':path_provider_android:prepareLintJarForPublish', task ':shared_preferences_android:createFullJarRelease', task ':shared_preferences_android:extractProguardFiles', task ':shared_preferences_android:generateReleaseLintModel', task ':shared_preferences_android:prepareLintJarForPublish', task ':app:generateReleaseLintVitalReportModel', task ':firebase_analytics:stripReleaseDebugSymbols', task ':firebase_analytics:copyReleaseJniLibsProjectAndLocalJars', task ':firebase_analytics:extractDeepLinksForAarRelease', task ':firebase_analytics:extractReleaseAnnotations', task ':firebase_analytics:mergeReleaseConsumerProguardFiles', task ':firebase_analytics:mergeReleaseJavaResource', task ':firebase_analytics:syncReleaseLibJars', task ':firebase_analytics:bundleReleaseLocalLintAar', task ':firebase_core:stripReleaseDebugSymbols', task ':firebase_core:copyReleaseJniLibsProjectAndLocalJars', task ':firebase_core:extractDeepLinksForAarRelease', task ':firebase_core:extractReleaseAnnotations', task ':firebase_core:mergeReleaseConsumerProguardFiles', task ':firebase_core:mergeReleaseJavaResource', task ':firebase_core:syncReleaseLibJars', task ':firebase_core:bundleReleaseLocalLintAar', task ':google_mobile_ads:stripReleaseDebugSymbols', task ':google_mobile_ads:copyReleaseJniLibsProjectAndLocalJars', task ':google_mobile_ads:extractDeepLinksForAarRelease', task ':google_mobile_ads:extractReleaseAnnotations', task ':google_mobile_ads:mergeReleaseConsumerProguardFiles', task ':google_mobile_ads:mergeReleaseJavaResource', task ':google_mobile_ads:syncReleaseLibJars', task ':google_mobile_ads:bundleReleaseLocalLintAar', task ':google_sign_in_android:stripReleaseDebugSymbols', task ':google_sign_in_android:copyReleaseJniLibsProjectAndLocalJars', task ':google_sign_in_android:extractDeepLinksForAarRelease', task ':google_sign_in_android:extractReleaseAnnotations', task ':google_sign_in_android:mergeReleaseConsumerProguardFiles', task ':google_sign_in_android:mergeReleaseJavaResource', task ':google_sign_in_android:syncReleaseLibJars', task ':google_sign_in_android:bundleReleaseLocalLintAar', task ':package_info_plus:stripReleaseDebugSymbols', task ':package_info_plus:copyReleaseJniLibsProjectAndLocalJars', task ':package_info_plus:extractDeepLinksForAarRelease', task ':package_info_plus:extractReleaseAnnotations', task ':package_info_plus:mergeReleaseConsumerProguardFiles', task ':package_info_plus:mergeReleaseJavaResource', task ':package_info_plus:syncReleaseLibJars', task ':package_info_plus:bundleReleaseLocalLintAar', task ':path_provider_android:stripReleaseDebugSymbols', task ':path_provider_android:copyReleaseJniLibsProjectAndLocalJars', task ':path_provider_android:extractDeepLinksForAarRelease', task ':path_provider_android:extractReleaseAnnotations', task ':path_provider_android:mergeReleaseConsumerProguardFiles', task ':path_provider_android:mergeReleaseJavaResource', task ':path_provider_android:syncReleaseLibJars', task ':path_provider_android:bundleReleaseLocalLintAar', task ':shared_preferences_android:stripReleaseDebugSymbols', task ':shared_preferences_android:copyReleaseJniLibsProjectAndLocalJars', task ':shared_preferences_android:extractDeepLinksForAarRelease', task ':shared_preferences_android:extractReleaseAnnotations', task ':shared_preferences_android:mergeReleaseConsumerProguardFiles', task ':shared_preferences_android:mergeReleaseJavaResource', task ':shared_preferences_android:syncReleaseLibJars', task ':shared_preferences_android:bundleReleaseLocalLintAar', task ':webview_flutter_android:stripReleaseDebugSymbols', task ':webview_flutter_android:copyReleaseJniLibsProjectAndLocalJars', task ':webview_flutter_android:extractDeepLinksForAarRelease', task ':webview_flutter_android:extractReleaseAnnotations', task ':webview_flutter_android:mergeReleaseConsumerProguardFiles', task ':webview_flutter_android:mergeReleaseJavaResource', task ':webview_flutter_android:syncReleaseLibJars', task ':webview_flutter_android:bundleReleaseLocalLintAar', task ':firebase_core:writeReleaseLintModelMetadata', task ':firebase_analytics:lintVitalAnalyzeRelease', task ':firebase_analytics:writeReleaseLintModelMetadata', task ':firebase_core:lintVitalAnalyzeRelease', task ':webview_flutter_android:writeReleaseLintModelMetadata', task ':google_mobile_ads:lintVitalAnalyzeRelease', task ':google_mobile_ads:writeReleaseLintModelMetadata', task ':google_sign_in_android:lintVitalAnalyzeRelease', task ':google_sign_in_android:writeReleaseLintModelMetadata', task ':package_info_plus:lintVitalAnalyzeRelease', task ':package_info_plus:writeReleaseLintModelMetadata', task ':path_provider_android:lintVitalAnalyzeRelease', task ':path_provider_android:writeReleaseLintModelMetadata', task ':shared_preferences_android:lintVitalAnalyzeRelease', task ':shared_preferences_android:writeReleaseLintModelMetadata', task ':webview_flutter_android:lintVitalAnalyzeRelease', task ':app:lintVitalAnalyzeRelease', task ':firebase_analytics:generateReleaseLintVitalModel', task ':firebase_core:generateReleaseLintVitalModel', task ':google_mobile_ads:generateReleaseLintVitalModel', task ':google_sign_in_android:generateReleaseLintVitalModel', task ':package_info_plus:generateReleaseLintVitalModel', task ':path_provider_android:generateReleaseLintVitalModel', task ':shared_preferences_android:generateReleaseLintVitalModel', task ':webview_flutter_android:generateReleaseLintVitalModel', task ':app:lintVitalReportRelease', task ':app:lintVitalRelease', task ':app:parseReleaseIntegrityConfig', task ':app:packageReleaseBundle', task ':app:validateSigningRelease', task ':app:signReleaseBundle', task ':app:produceReleaseBundleIdeListingFile', task ':app:createReleaseBundleListingFileRedirect', task ':app:bundleRelease']
[        ] Tasks that were excluded: []
[        ] work action Parameters of FilterShrinkerRulesTransform (Thread[#349,Execution worker Thread 2,5,main]) started.
[        ] work action Parameters of ExtractAarTransform (Thread[#349,Execution worker Thread 2,5,main]) started.
[        ] work action Parameters of ExtractAarTransform (Thread[#349,Execution worker Thread 2,5,main]) started.
[        ] work action Parameters of ExtractAarTransform (Thread[#349,Execution worker Thread 2,5,main]) started.
[        ] Resolve mutations for :app:preBuild (Thread[#349,Execution worker Thread 2,5,main]) started.
[        ] :app:preBuild (Thread[#349,Execution worker Thread 2,5,main]) started.
[  +97 ms] > Task :app:preBuild UP-TO-DATE
[        ] Skipping task ':app:preBuild' as it has no actions.
[        ] Resolve mutations for :app:preReleaseBuild (Thread[#349,Execution worker Thread 2,5,main]) started.
[        ] :app:preReleaseBuild (Thread[#350,Execution worker Thread 3,5,main]) started.
[   +2 ms] > Task :app:preReleaseBuild UP-TO-DATE
[        ] Skipping task ':app:preReleaseBuild' as it has no actions.
[        ] Resolve mutations for :app:extractReleaseVersionControlInfo (Thread[#350,Execution worker Thread 3,5,main]) started.
[        ] :app:extractReleaseVersionControlInfo (Thread[#350,Execution worker Thread 3,5,main]) started.
[        ] > Task :app:extractReleaseVersionControlInfo UP-TO-DATE
[        ] Caching disabled for task ':app:extractReleaseVersionControlInfo' because:
[        ]   Build cache is disabled
[        ]   Caching has been disabled for the task
[        ] Skipping task ':app:extractReleaseVersionControlInfo' as it is up-to-date.
[        ] Resolve mutations for :app:cleanMergeReleaseAssets (Thread[#350,Execution worker Thread 3,5,main]) started.
[        ] :app:cleanMergeReleaseAssets (Thread[#350,Execution worker Thread 3,5,main]) started.
[        ] > Task :app:cleanMergeReleaseAssets UP-TO-DATE
[        ] Caching disabled for task ':app:cleanMergeReleaseAssets' because:
[        ]   Build cache is disabled
[        ] Task ':app:cleanMergeReleaseAssets' is not up-to-date because:
[        ]   Task has not declared any outputs despite executing actions.
[        ] Resolve mutations for :app:mergeReleaseShaders (Thread[#350,Execution worker Thread 3,5,main]) started.
[        ] :app:mergeReleaseShaders (Thread[#350,Execution worker Thread 3,5,main]) started.
[        ] > Task :app:mergeReleaseShaders UP-TO-DATE
[        ] Caching disabled for task ':app:mergeReleaseShaders' because:
[        ]   Build cache is disabled
[        ]   Simple merging task
[        ] Skipping task ':app:mergeReleaseShaders' as it is up-to-date.
[        ] Resolve mutations for :app:compileReleaseShaders (Thread[#350,Execution worker Thread 3,5,main]) started.
[        ] :app:compileReleaseShaders (Thread[#350,Execution worker Thread 3,5,main]) started.
[        ] > Task :app:compileReleaseShaders NO-SOURCE
[        ] Skipping task ':app:compileReleaseShaders' as it has no source files and no previous output files.
[        ] Resolve mutations for :app:generateReleaseAssets (Thread[#350,Execution worker Thread 3,5,main]) started.
[        ] :app:generateReleaseAssets (Thread[#350,Execution worker Thread 3,5,main]) started.
[        ] > Task :app:generateReleaseAssets UP-TO-DATE
[        ] Skipping task ':app:generateReleaseAssets' as it has no actions.
[        ] Resolve mutations for :app:compileFlutterBuildRelease (Thread[#350,Execution worker Thread 3,5,main]) started.
[        ] :app:compileFlutterBuildRelease (Thread[#350,Execution worker Thread 3,5,main]) started.
[+1198 ms] > Task :app:compileFlutterBuildRelease FAILED
[        ] Caching disabled for task ':app:compileFlutterBuildRelease' because:
[        ]   Build cache is disabled
[        ]   Caching has not been enabled for the task
[        ] Task ':app:compileFlutterBuildRelease' is not up-to-date because:
[        ]   Task has failed previously.
[        ] Starting process 'command '/opt/homebrew/share/flutter/bin/flutter''. Working directory: /Users/pooha302/Documents/project/antigravity/daily_app Command: /opt/homebrew/share/flutter/bin/flutter --verbose assemble --no-version-check --depfile /Users/pooha302/Documents/project/antigravity/daily_app/build/app/intermediates/flutter/release/flutter_build.d --output /Users/pooha302/Documents/project/antigravity/daily_app/build/app/intermediates/flutter/release -dTargetFile=lib/main.dart -dTargetPlatform=android -dBuildMode=release -dTrackWidgetCreation=true -dTreeShakeIcons=true --DartDefines=RkxVVFRFUl9WRVJTSU9OPTMuMzguOA==,RkxVVFRFUl9DSEFOTkVMPXN0YWJsZQ==,RkxVVFRFUl9HSVRfVVJMPWh0dHBzOi8vZ2l0aHViLmNvbS9mbHV0dGVyL2ZsdXR0ZXIuZ2l0,RkxVVFRFUl9GUkFNRVdPUktfUkVWSVNJT049YmQ3YTRhNmI1NQ==,RkxVVFRFUl9FTkdJTkVfUkVWSVNJT049ZGIzNzNlYjg1YQ==,RkxVVFRFUl9EQVJUX1ZFUlNJT049My4xMC43 -dFlavor= -dAndroidArchs=android-arm android-arm64 android-x64 -dMinSdkVersion=24 android_aot_bundle_release_android-arm android_aot_bundle_release_android-arm64 android_aot_bundle_release_android-x64
[        ] Successfully started process 'command '/opt/homebrew/share/flutter/bin/flutter''
[        ] [  +14 ms] executing: sysctl hw.optional.arm64
[        ] [   +2 ms] Exit code 0 from: sysctl hw.optional.arm64
[        ] [        ] hw.optional.arm64: 1
[        ] [   +3 ms] Artifact Instance of 'MaterialFonts' is not required, skipping update.
[        ] [        ] Artifact Instance of 'GradleWrapper' is not required, skipping update.
[        ] [        ] Artifact Instance of 'AndroidGenSnapshotArtifacts' is not required, skipping update.
[        ] [        ] Artifact Instance of 'AndroidInternalBuildArtifacts' is not required, skipping update.
[        ] [        ] Artifact Instance of 'IOSEngineArtifacts' is not required, skipping update.
[        ] [        ] Artifact Instance of 'FlutterWebSdk' is not required, skipping update.
[        ] [        ] Artifact Instance of 'LegacyCanvasKitRemover' is not required, skipping update.
[        ] [        ] Artifact Instance of 'FlutterSdk' is not required, skipping update.
[        ] [        ] Artifact Instance of 'WindowsEngineArtifacts' is not required, skipping update.
[        ] [        ] Artifact Instance of 'MacOSEngineArtifacts' is not required, skipping update.
[        ] [        ] Artifact Instance of 'LinuxEngineArtifacts' is not required, skipping update.
[        ] [        ] Artifact Instance of 'LinuxFuchsiaSDKArtifacts' is not required, skipping update.
[        ] [        ] Artifact Instance of 'MacOSFuchsiaSDKArtifacts' is not required, skipping update.
[        ] [        ] Artifact Instance of 'FlutterRunnerSDKArtifacts' is not required, skipping update.
[        ] [        ] Artifact Instance of 'FlutterRunnerDebugSymbols' is not required, skipping update.
[        ] [        ] Artifact Instance of 'IosUsbArtifacts' is not required, skipping update.
[        ] [        ] Artifact Instance of 'IosUsbArtifacts' is not required, skipping update.
[        ] [        ] Artifact Instance of 'IosUsbArtifacts' is not required, skipping update.
[        ] [        ] Artifact Instance of 'IosUsbArtifacts' is not required, skipping update.
[        ] [        ] Artifact Instance of 'IosUsbArtifacts' is not required, skipping update.
[        ] [        ] Artifact Instance of 'IosUsbArtifacts' is not required, skipping update.
[        ] [        ] Artifact Instance of 'FontSubsetArtifacts' is not required, skipping update.
[        ] [        ] Artifact Instance of 'PubDependencies' is not required, skipping update.
[        ] [   +2 ms] Artifact Instance of 'AndroidGenSnapshotArtifacts' is not required, skipping update.
[        ] [        ] Artifact Instance of 'AndroidInternalBuildArtifacts' is not required, skipping update.
[        ] [        ] Artifact Instance of 'IOSEngineArtifacts' is not required, skipping update.
[        ] [        ] Artifact Instance of 'FlutterWebSdk' is not required, skipping update.
[        ] [        ] Artifact Instance of 'FlutterEngineStamp' is not required, skipping update.
[        ] [        ] Artifact Instance of 'LegacyCanvasKitRemover' is not required, skipping update.
[        ] [        ] Artifact Instance of 'WindowsEngineArtifacts' is not required, skipping update.
[   +1 ms] [        ] Artifact Instance of 'MacOSEngineArtifacts' is not required, skipping update.
[        ] [        ] Artifact Instance of 'LinuxEngineArtifacts' is not required, skipping update.
[        ] [        ] Artifact Instance of 'LinuxFuchsiaSDKArtifacts' is not required, skipping update.
[        ] [        ] Artifact Instance of 'MacOSFuchsiaSDKArtifacts' is not required, skipping update.
[        ] [        ] Artifact Instance of 'FlutterRunnerSDKArtifacts' is not required, skipping update.
[        ] [        ] Artifact Instance of 'FlutterRunnerDebugSymbols' is not required, skipping update.
[        ] [  +17 ms] Artifact Instance of 'MaterialFonts' is not required, skipping update.
[        ] [        ] Artifact Instance of 'GradleWrapper' is not required, skipping update.
[        ] [        ] Artifact Instance of 'AndroidInternalBuildArtifacts' is not required, skipping update.
[        ] [        ] Artifact Instance of 'IOSEngineArtifacts' is not required, skipping update.
[        ] [        ] Artifact Instance of 'FlutterWebSdk' is not required, skipping update.
[        ] [        ] Artifact Instance of 'FlutterEngineStamp' is not required, skipping update.
[        ] [        ] Artifact Instance of 'LegacyCanvasKitRemover' is not required, skipping update.
[        ] [        ] Artifact Instance of 'FlutterSdk' is not required, skipping update.
[        ] [        ] Artifact Instance of 'WindowsEngineArtifacts' is not required, skipping update.
[        ] [        ] Artifact Instance of 'MacOSEngineArtifacts' is not required, skipping update.
[        ] [        ] Artifact Instance of 'LinuxEngineArtifacts' is not required, skipping update.
[        ] [        ] Artifact Instance of 'LinuxFuchsiaSDKArtifacts' is not required, skipping update.
[        ] [        ] Artifact Instance of 'MacOSFuchsiaSDKArtifacts' is not required, skipping update.
[        ] [        ] Artifact Instance of 'FlutterRunnerSDKArtifacts' is not required, skipping update.
[        ] [        ] Artifact Instance of 'FlutterRunnerDebugSymbols' is not required, skipping update.
[        ] [        ] Artifact Instance of 'IosUsbArtifacts' is not required, skipping update.
[        ] [        ] Artifact Instance of 'IosUsbArtifacts' is not required, skipping update.
[        ] [        ] Artifact Instance of 'IosUsbArtifacts' is not required, skipping update.
[        ] [        ] Artifact Instance of 'IosUsbArtifacts' is not required, skipping update.
[        ] [        ] Artifact Instance of 'IosUsbArtifacts' is not required, skipping update.
[        ] [        ] Artifact Instance of 'IosUsbArtifacts' is not required, skipping update.
[        ] [        ] Artifact Instance of 'FontSubsetArtifacts' is not required, skipping update.
[        ] [        ] Artifact Instance of 'PubDependencies' is not required, skipping update.
[        ] [  +14 ms] Initializing file store
[        ] [   +4 ms] Done initializing file store
[        ] [  +42 ms] Skipping target: gen_dart_plugin_registrant
[        ] [        ] Skipping target: dart_build
[        ] [        ] Skipping target: gen_localizations
[        ] [        ] Skipping target: install_code_assets
[        ] [ +338 ms] Skipping target: kernel_snapshot_program
[        ] [  +27 ms] Skipping target: android_aot_release_android-arm
[        ] [  +23 ms] Skipping target: android_aot_release_android-arm64
[        ] [  +23 ms] Skipping target: android_aot_release_android-x64
[        ] [        ] aot_android_asset_bundle: Starting due to {}
[        ] [  +76 ms] Manifest contained wildcard assets. Inserting missing file into build graph to force rerun. for more information see #56466.
[        ] [   +4 ms] shaderc command: [/opt/homebrew/share/flutter/bin/cache/artifacts/engine/darwin-x64/impellerc, --sksl, --runtime-stage-gles, --runtime-stage-gles3, --runtime-stage-vulkan, --iplr, --sl=/Users/pooha302/Documents/project/antigravity/daily_app/build/app/intermediates/flutter/release/flutter_assets/shaders/ink_sparkle.frag, --spirv=/Users/pooha302/Documents/project/antigravity/daily_app/build/app/intermediates/flutter/release/flutter_assets/shaders/ink_sparkle.frag.spirv, --input=/opt/homebrew/share/flutter/packages/flutter/lib/src/material/shaders/ink_sparkle.frag, --input-type=frag, --include=/opt/homebrew/share/flutter/packages/flutter/lib/src/material/shaders, --include=/opt/homebrew/share/flutter/bin/cache/artifacts/engine/darwin-x64/shader_lib]
[        ] [        ] shaderc command: [/opt/homebrew/share/flutter/bin/cache/artifacts/engine/darwin-x64/impellerc, --sksl, --runtime-stage-gles, --runtime-stage-gles3, --runtime-stage-vulkan, --iplr, --sl=/Users/pooha302/Documents/project/antigravity/daily_app/build/app/intermediates/flutter/release/flutter_assets/shaders/stretch_effect.frag, --spirv=/Users/pooha302/Documents/project/antigravity/daily_app/build/app/intermediates/flutter/release/flutter_assets/shaders/stretch_effect.frag.spirv, --input=/opt/homebrew/share/flutter/packages/flutter/lib/src/material/shaders/stretch_effect.frag, --input-type=frag, --include=/opt/homebrew/share/flutter/packages/flutter/lib/src/material/shaders, --include=/opt/homebrew/share/flutter/bin/cache/artifacts/engine/darwin-x64/shader_lib]
[        ] [  +21 ms] Running command: /opt/homebrew/share/flutter/bin/cache/dart-sdk/bin/dart /opt/homebrew/share/flutter/bin/cache/artifacts/engine/darwin-x64/const_finder.dart.snapshot --kernel-file /Users/pooha302/Documents/project/antigravity/daily_app/.dart_tool/flutter_build/0f69265ce2dd368436e149aef7e2532f/app.dill --class-library-uri package:flutter/src/widgets/icon_data.dart --class-name IconData --annotation-class-name _StaticIconProvider --annotation-class-library-uri package:flutter/src/widgets/icon_data.dart
[        ] [        ] Persisting file store
[        ] [   +3 ms] Done persisting file store
[        ] [        ] "flutter assemble" took 976ms.
[        ] [   +2 ms] executing: sw_vers -productName
[        ] [   +7 ms] Exit code 0 from: sw_vers -productName
[        ] [        ] macOS
[        ] [        ] executing: sw_vers -productVersion
[        ] [   +8 ms] Exit code 0 from: sw_vers -productVersion
[        ] [        ] 26.2
[        ] [        ] executing: sw_vers -buildVersion
[        ] [   +6 ms] Exit code 0 from: sw_vers -buildVersion
[        ] [        ] 25C56
[        ] [        ] executing: uname -m
[        ] [   +2 ms] Exit code 0 from: uname -m
[        ] [        ] arm64
[        ] [        ] Running 1 shutdown hook
[        ] [        ] Shutdown hooks complete
[        ] [ +134 ms] exiting with code 1
[        ] Build ee9b8760-3514-4f5b-b8d6-6844c33540ee is closed
[        ] [Incubating] Problems report is available at: file:///Users/pooha302/Documents/project/antigravity/daily_app/build/reports/problems/problems-report.html
[        ] Deprecated Gradle features were used in this build, making it incompatible with Gradle 9.0.
[        ] You can use '--warning-mode all' to show the individual deprecation warnings and determine if they come from your own scripts or plugins.
[        ] For more on this, please refer to https://docs.gradle.org/8.14/userguide/command_line_interface.html#sec:command_line_warnings in the Gradle documentation.
[        ] 8 actionable tasks: 1 executed, 7 up-to-date
[        ] Watched directory hierarchies: [/opt/homebrew/share/flutter/packages/flutter_tools/gradle]
[        ] [ +365 ms] This application cannot tree shake icons fonts. It has non-constant instances of IconData at the following locations:
[        ] [        ]   - file:///Users/pooha302/Documents/project/antigravity/daily_app/lib/models/action.dart:38:13
[        ] [   +7 ms] Target aot_android_asset_bundle failed: Error: Avoid non-constant invocations of IconData or try to build again with --no-tree-shake-icons.
[        ]            #0      throwToolExit (package:flutter_tools/src/base/common.dart:34:3)
[        ]            #1      IconTreeShaker._findConstants (package:flutter_tools/src/build_system/targets/icon_tree_shaker.dart:327:7)
[        ]            <asynchronous suspension>
[        ]            #2      IconTreeShaker._getIconData (package:flutter_tools/src/build_system/targets/icon_tree_shaker.dart:113:45)
[        ]            <asynchronous suspension>
[        ]            #3      IconTreeShaker.subsetFont (package:flutter_tools/src/build_system/targets/icon_tree_shaker.dart:181:5)
[        ]            <asynchronous suspension>
[        ]            #4      copyAssets.<anonymous closure> (package:flutter_tools/src/build_system/targets/assets.dart:151:25)
[        ]            <asynchronous suspension>
[        ]            #5      Future.wait.<anonymous closure> (dart:async/future.dart:546:21)
[        ]            <asynchronous suspension>
[        ]            #6      copyAssets (package:flutter_tools/src/build_system/targets/assets.dart:111:3)
[        ]            <asynchronous suspension>
[        ]            #7      AndroidAssetBundle.build (package:flutter_tools/src/build_system/targets/android.dart:75:34)
[        ]            <asynchronous suspension>
[        ]            #8      _BuildInstance._invokeInternal (package:flutter_tools/src/build_system/build_system.dart:895:9)
[        ]            <asynchronous suspension>
[        ]            #9      Future.wait.<anonymous closure> (dart:async/future.dart:546:21)
[        ]            <asynchronous suspension>
[        ]            #10     _BuildInstance.invokeTarget (package:flutter_tools/src/build_system/build_system.dart:833:32)
[        ]            <asynchronous suspension>
[        ]            #11     Future.wait.<anonymous closure> (dart:async/future.dart:546:21)
[        ]            <asynchronous suspension>
[        ]            #12     _BuildInstance.invokeTarget (package:flutter_tools/src/build_system/build_system.dart:833:32)
[        ]            <asynchronous suspension>
[        ]            #13     FlutterBuildSystem.build (package:flutter_tools/src/build_system/build_system.dart:653:16)
[        ]            <asynchronous suspension>
[        ]            #14     AssembleCommand.runCommand (package:flutter_tools/src/commands/assemble.dart:361:32)
[        ]            <asynchronous suspension>
[        ]            #15     FlutterCommand.run.<anonymous closure> (package:flutter_tools/src/runner/flutter_command.dart:1559:27)
[        ]            <asynchronous suspension>
[        ]            #16     AppContext.run.<anonymous closure> (package:flutter_tools/src/base/context.dart:154:19)
[        ]            <asynchronous suspension>
[        ]            #17     CommandRunner.runCommand (package:args/command_runner.dart:212:13)
[        ]            <asynchronous suspension>
[        ]            #18     FlutterCommandRunner.runCommand.<anonymous closure> (package:flutter_tools/src/runner/flutter_command_runner.dart:487:9)
[        ]            <asynchronous suspension>
[        ]            #19     AppContext.run.<anonymous closure> (package:flutter_tools/src/base/context.dart:154:19)
[        ]            <asynchronous suspension>
[        ]            #20     FlutterCommandRunner.runCommand (package:flutter_tools/src/runner/flutter_command_runner.dart:422:5)
[        ]            <asynchronous suspension>
[        ]            #21     run.<anonymous closure>.<anonymous closure> (package:flutter_tools/runner.dart:104:11)
[        ]            <asynchronous suspension>
[        ]            #22     AppContext.run.<anonymous closure> (package:flutter_tools/src/base/context.dart:154:19)
[        ]            <asynchronous suspension>
[        ]            #23     main (package:flutter_tools/executable.dart:103:3)
[        ]            <asynchronous suspension>
[        ] [  +22 ms] 
[        ]            #0      throwToolExit (package:flutter_tools/src/base/common.dart:34:3)
[        ]            #1      AssembleCommand.runCommand (package:flutter_tools/src/commands/assemble.dart:379:7)
[        ]            <asynchronous suspension>
[        ]            #2      FlutterCommand.run.<anonymous closure> (package:flutter_tools/src/runner/flutter_command.dart:1559:27)
[        ]            <asynchronous suspension>
[        ]            #3      AppContext.run.<anonymous closure> (package:flutter_tools/src/base/context.dart:154:19)
[        ]            <asynchronous suspension>
[        ]            #4      CommandRunner.runCommand (package:args/command_runner.dart:212:13)
[        ]            <asynchronous suspension>
[        ]            #5      FlutterCommandRunner.runCommand.<anonymous closure> (package:flutter_tools/src/runner/flutter_command_runner.dart:487:9)
[        ]            <asynchronous suspension>
[        ]            #6      AppContext.run.<anonymous closure> (package:flutter_tools/src/base/context.dart:154:19)
[        ]            <asynchronous suspension>
[        ]            #7      FlutterCommandRunner.runCommand (package:flutter_tools/src/runner/flutter_command_runner.dart:422:5)
[        ]            <asynchronous suspension>
[        ]            #8      run.<anonymous closure>.<anonymous closure> (package:flutter_tools/runner.dart:104:11)
[        ]            <asynchronous suspension>
[        ]            #9      AppContext.run.<anonymous closure> (package:flutter_tools/src/base/context.dart:154:19)
[        ]            <asynchronous suspension>
[        ]            #10     main (package:flutter_tools/executable.dart:103:3)
[        ]            <asynchronous suspension>
[        ] FAILURE: Build failed with an exception.
[        ] * What went wrong:
[        ] Execution failed for task ':app:compileFlutterBuildRelease'.
[        ] > Process 'command '/opt/homebrew/share/flutter/bin/flutter'' finished with non-zero exit value 1
[        ] * Try:
[        ] > Run with --debug option to get more log output.
[        ] > Run with --scan to get full insights.
[        ] > Get more help at https://help.gradle.org.
[        ] * Exception is:
[        ] org.gradle.api.tasks.TaskExecutionException: Execution failed for task ':app:compileFlutterBuildRelease'.
[        ] 	at org.gradle.api.internal.tasks.execution.ExecuteActionsTaskExecuter.lambda$executeIfValid$1(ExecuteActionsTaskExecuter.java:130)
[        ] 	at org.gradle.internal.Try$Failure.ifSuccessfulOrElse(Try.java:293)
[        ] 	at org.gradle.api.internal.tasks.execution.ExecuteActionsTaskExecuter.executeIfValid(ExecuteActionsTaskExecuter.java:128)
[        ] 	at org.gradle.api.internal.tasks.execution.ExecuteActionsTaskExecuter.execute(ExecuteActionsTaskExecuter.java:116)
[        ] 	at org.gradle.api.internal.tasks.execution.ProblemsTaskPathTrackingTaskExecuter.execute(ProblemsTaskPathTrackingTaskExecuter.java:41)
[        ] 	at org.gradle.api.internal.tasks.execution.FinalizePropertiesTaskExecuter.execute(FinalizePropertiesTaskExecuter.java:46)
[        ] 	at org.gradle.api.internal.tasks.execution.ResolveTaskExecutionModeExecuter.execute(ResolveTaskExecutionModeExecuter.java:51)
[        ] 	at org.gradle.api.internal.tasks.execution.SkipTaskWithNoActionsExecuter.execute(SkipTaskWithNoActionsExecuter.java:57)
[        ] 	at org.gradle.api.internal.tasks.execution.SkipOnlyIfTaskExecuter.execute(SkipOnlyIfTaskExecuter.java:74)
[        ] 	at org.gradle.api.internal.tasks.execution.CatchExceptionTaskExecuter.execute(CatchExceptionTaskExecuter.java:36)
[        ] 	at org.gradle.api.internal.tasks.execution.EventFiringTaskExecuter$1.executeTask(EventFiringTaskExecuter.java:77)
[        ] 	at org.gradle.api.internal.tasks.execution.EventFiringTaskExecuter$1.call(EventFiringTaskExecuter.java:55)
[        ] 	at org.gradle.api.internal.tasks.execution.EventFiringTaskExecuter$1.call(EventFiringTaskExecuter.java:52)
[        ] 	at org.gradle.internal.operations.DefaultBuildOperationRunner$CallableBuildOperationWorker.execute(DefaultBuildOperationRunner.java:210)
[        ] 	at org.gradle.internal.operations.DefaultBuildOperationRunner$CallableBuildOperationWorker.execute(DefaultBuildOperationRunner.java:205)
[        ] 	at org.gradle.internal.operations.DefaultBuildOperationRunner$2.execute(DefaultBuildOperationRunner.java:67)
[        ] 	at org.gradle.internal.operations.DefaultBuildOperationRunner$2.execute(DefaultBuildOperationRunner.java:60)
[        ] 	at org.gradle.internal.operations.DefaultBuildOperationRunner.execute(DefaultBuildOperationRunner.java:167)
[        ] 	at org.gradle.internal.operations.DefaultBuildOperationRunner.execute(DefaultBuildOperationRunner.java:60)
[        ] 	at org.gradle.internal.operations.DefaultBuildOperationRunner.call(DefaultBuildOperationRunner.java:54)
[        ] 	at org.gradle.api.internal.tasks.execution.EventFiringTaskExecuter.execute(EventFiringTaskExecuter.java:52)
[        ] 	at org.gradle.execution.plan.LocalTaskNodeExecutor.execute(LocalTaskNodeExecutor.java:42)
[        ] 	at org.gradle.execution.taskgraph.DefaultTaskExecutionGraph$InvokeNodeExecutorsAction.execute(DefaultTaskExecutionGraph.java:331)
[        ] 	at org.gradle.execution.taskgraph.DefaultTaskExecutionGraph$InvokeNodeExecutorsAction.execute(DefaultTaskExecutionGraph.java:318)
[        ] 	at org.gradle.execution.taskgraph.DefaultTaskExecutionGraph$BuildOperationAwareExecutionAction.lambda$execute$0(DefaultTaskExecutionGraph.java:314)
[        ] 	at org.gradle.internal.operations.CurrentBuildOperationRef.with(CurrentBuildOperationRef.java:85)
[        ] 	at org.gradle.execution.taskgraph.DefaultTaskExecutionGraph$BuildOperationAwareExecutionAction.execute(DefaultTaskExecutionGraph.java:314)
[        ] 	at org.gradle.execution.taskgraph.DefaultTaskExecutionGraph$BuildOperationAwareExecutionAction.execute(DefaultTaskExecutionGraph.java:303)
[        ] 	at org.gradle.execution.plan.DefaultPlanExecutor$ExecutorWorker.execute(DefaultPlanExecutor.java:459)
[        ] 	at org.gradle.execution.plan.DefaultPlanExecutor$ExecutorWorker.run(DefaultPlanExecutor.java:376)
[        ] 	at org.gradle.internal.concurrent.ExecutorPolicy$CatchAndRecordFailures.onExecute(ExecutorPolicy.java:64)
[        ] 	at org.gradle.internal.concurrent.AbstractManagedExecutor$1.run(AbstractManagedExecutor.java:48)
[        ] 	at java.base/java.util.concurrent.ThreadPoolExecutor.runWorker(Unknown Source)
[        ] 	at java.base/java.util.concurrent.ThreadPoolExecutor$Worker.run(Unknown Source)
[        ] 	at java.base/java.lang.Thread.run(Unknown Source)
[        ] Caused by: org.gradle.process.internal.ExecException: Process 'command '/opt/homebrew/share/flutter/bin/flutter'' finished with non-zero exit value 1
[        ] 	at org.gradle.process.internal.DefaultExecHandle$ExecResultImpl.assertNormalExitValue(DefaultExecHandle.java:442)
[        ] 	at org.gradle.process.internal.DefaultExecAction.execute(DefaultExecAction.java:49)
[        ] 	at org.gradle.process.internal.DefaultExecActionFactory.exec(DefaultExecActionFactory.java:216)
[        ] 	at org.gradle.process.internal.DefaultExecOperations.exec(DefaultExecOperations.java:37)
[        ] 	at com.flutter.gradle.tasks.BaseFlutterTaskHelper.buildBundle(BaseFlutterTaskHelper.kt:159)
[        ] 	at com.flutter.gradle.tasks.BaseFlutterTask.buildBundle(BaseFlutterTask.kt:143)
[        ] 	at com.flutter.gradle.tasks.FlutterTaskHelper.build$gradle(FlutterTaskHelper.kt:90)
[        ] 	at com.flutter.gradle.tasks.FlutterTask.build(FlutterTask.kt:51)
[        ] 	at java.base/jdk.internal.reflect.DirectMethodHandleAccessor.invoke(Unknown Source)
[        ] 	at java.base/java.lang.reflect.Method.invoke(Unknown Source)
[        ] 	at org.gradle.internal.reflect.JavaMethod.invoke(JavaMethod.java:125)
[        ] 	at org.gradle.api.internal.project.taskfactory.StandardTaskAction.doExecute(StandardTaskAction.java:58)
[        ] 	at org.gradle.api.internal.project.taskfactory.StandardTaskAction.execute(StandardTaskAction.java:51)
[        ] 	at org.gradle.api.internal.project.taskfactory.StandardTaskAction.execute(StandardTaskAction.java:29)
[        ] 	at org.gradle.api.internal.tasks.execution.TaskExecution$3.run(TaskExecution.java:244)
[        ] 	at org.gradle.internal.operations.DefaultBuildOperationRunner$1.execute(DefaultBuildOperationRunner.java:30)
[        ] 	at org.gradle.internal.operations.DefaultBuildOperationRunner$1.execute(DefaultBuildOperationRunner.java:27)
[        ] 	at org.gradle.internal.operations.DefaultBuildOperationRunner$2.execute(DefaultBuildOperationRunner.java:67)
[        ] 	at org.gradle.internal.operations.DefaultBuildOperationRunner$2.execute(DefaultBuildOperationRunner.java:60)
[        ] 	at org.gradle.internal.operations.DefaultBuildOperationRunner.execute(DefaultBuildOperationRunner.java:167)
[        ] 	at org.gradle.internal.operations.DefaultBuildOperationRunner.execute(DefaultBuildOperationRunner.java:60)
[        ] 	at org.gradle.internal.operations.DefaultBuildOperationRunner.run(DefaultBuildOperationRunner.java:48)
[        ] 	at org.gradle.api.internal.tasks.execution.TaskExecution.executeAction(TaskExecution.java:229)
[        ] 	at org.gradle.api.internal.tasks.execution.TaskExecution.executeActions(TaskExecution.java:212)
[        ] 	at org.gradle.api.internal.tasks.execution.TaskExecution.executeWithPreviousOutputFiles(TaskExecution.java:195)
[        ] 	at org.gradle.api.internal.tasks.execution.TaskExecution.execute(TaskExecution.java:162)
[        ] 	at org.gradle.internal.execution.steps.ExecuteStep.executeInternal(ExecuteStep.java:105)
[        ] 	at org.gradle.internal.execution.steps.ExecuteStep.access$000(ExecuteStep.java:44)
[        ] 	at org.gradle.internal.execution.steps.ExecuteStep$1.call(ExecuteStep.java:59)
[        ] 	at org.gradle.internal.execution.steps.ExecuteStep$1.call(ExecuteStep.java:56)
[        ] 	at org.gradle.internal.operations.DefaultBuildOperationRunner$CallableBuildOperationWorker.execute(DefaultBuildOperationRunner.java:210)
[        ] 	at org.gradle.internal.operations.DefaultBuildOperationRunner$CallableBuildOperationWorker.execute(DefaultBuildOperationRunner.java:205)
[        ] 	at org.gradle.internal.operations.DefaultBuildOperationRunner$2.execute(DefaultBuildOperationRunner.java:67)
[        ] 	at org.gradle.internal.operations.DefaultBuildOperationRunner$2.execute(DefaultBuildOperationRunner.java:60)
[        ] 	at org.gradle.internal.operations.DefaultBuildOperationRunner.execute(DefaultBuildOperationRunner.java:167)
[        ] 	at org.gradle.internal.operations.DefaultBuildOperationRunner.execute(DefaultBuildOperationRunner.java:60)
[        ] 	at org.gradle.internal.operations.DefaultBuildOperationRunner.call(DefaultBuildOperationRunner.java:54)
[        ] 	at org.gradle.internal.execution.steps.ExecuteStep.execute(ExecuteStep.java:56)
[        ] 	at org.gradle.internal.execution.steps.ExecuteStep.execute(ExecuteStep.java:44)
[        ] 	at org.gradle.internal.execution.steps.CancelExecutionStep.execute(CancelExecutionStep.java:42)
[        ] 	at org.gradle.internal.execution.steps.TimeoutStep.executeWithoutTimeout(TimeoutStep.java:75)
[        ] 	at org.gradle.internal.execution.steps.TimeoutStep.execute(TimeoutStep.java:55)
[        ] 	at org.gradle.internal.execution.steps.PreCreateOutputParentsStep.execute(PreCreateOutputParentsStep.java:50)
[        ] 	at org.gradle.internal.execution.steps.PreCreateOutputParentsStep.execute(PreCreateOutputParentsStep.java:28)
[        ] 	at org.gradle.internal.execution.steps.RemovePreviousOutputsStep.execute(RemovePreviousOutputsStep.java:67)
[        ] 	at org.gradle.internal.execution.steps.RemovePreviousOutputsStep.execute(RemovePreviousOutputsStep.java:37)
[        ] 	at org.gradle.internal.execution.steps.BroadcastChangingOutputsStep.execute(BroadcastChangingOutputsStep.java:61)
[        ] 	at org.gradle.internal.execution.steps.BroadcastChangingOutputsStep.execute(BroadcastChangingOutputsStep.java:26)
[        ] 	at org.gradle.internal.execution.steps.CaptureOutputsAfterExecutionStep.execute(CaptureOutputsAfterExecutionStep.java:69)
[        ] 	at org.gradle.internal.execution.steps.CaptureOutputsAfterExecutionStep.execute(CaptureOutputsAfterExecutionStep.java:46)
[        ] 	at org.gradle.internal.execution.steps.ResolveInputChangesStep.execute(ResolveInputChangesStep.java:40)
[        ] 	at org.gradle.internal.execution.steps.ResolveInputChangesStep.execute(ResolveInputChangesStep.java:29)
[        ] 	at org.gradle.internal.execution.steps.BuildCacheStep.executeWithoutCache(BuildCacheStep.java:189)
[        ] 	at org.gradle.internal.execution.steps.BuildCacheStep.lambda$execute$1(BuildCacheStep.java:75)
[        ] 	at org.gradle.internal.Either$Right.fold(Either.java:175)
[        ] 	at org.gradle.internal.execution.caching.CachingState.fold(CachingState.java:62)
[        ] 	at org.gradle.internal.execution.steps.BuildCacheStep.execute(BuildCacheStep.java:73)
[        ] 	at org.gradle.internal.execution.steps.BuildCacheStep.execute(BuildCacheStep.java:48)
[        ] 	at org.gradle.internal.execution.steps.StoreExecutionStateStep.execute(StoreExecutionStateStep.java:46)
[        ] 	at org.gradle.internal.execution.steps.StoreExecutionStateStep.execute(StoreExecutionStateStep.java:35)
[        ] 	at org.gradle.internal.execution.steps.SkipUpToDateStep.executeBecause(SkipUpToDateStep.java:75)
[        ] 	at org.gradle.internal.execution.steps.SkipUpToDateStep.lambda$execute$2(SkipUpToDateStep.java:53)
[        ] 	at java.base/java.util.Optional.orElseGet(Unknown Source)
[        ] 	at org.gradle.internal.execution.steps.SkipUpToDateStep.execute(SkipUpToDateStep.java:53)
[        ] 	at org.gradle.internal.execution.steps.SkipUpToDateStep.execute(SkipUpToDateStep.java:35)
[        ] 	at org.gradle.internal.execution.steps.legacy.MarkSnapshottingInputsFinishedStep.execute(MarkSnapshottingInputsFinishedStep.java:37)
[        ] 	at org.gradle.internal.execution.steps.legacy.MarkSnapshottingInputsFinishedStep.execute(MarkSnapshottingInputsFinishedStep.java:27)
[        ] 	at org.gradle.internal.execution.steps.ResolveIncrementalCachingStateStep.executeDelegate(ResolveIncrementalCachingStateStep.java:49)
[        ] 	at org.gradle.internal.execution.steps.ResolveIncrementalCachingStateStep.executeDelegate(ResolveIncrementalCachingStateStep.java:27)
[        ] 	at org.gradle.internal.execution.steps.AbstractResolveCachingStateStep.execute(AbstractResolveCachingStateStep.java:71)
[        ] 	at org.gradle.internal.execution.steps.AbstractResolveCachingStateStep.execute(AbstractResolveCachingStateStep.java:39)
[        ] 	at org.gradle.internal.execution.steps.ResolveChangesStep.execute(ResolveChangesStep.java:65)
[        ] 	at org.gradle.internal.execution.steps.ResolveChangesStep.execute(ResolveChangesStep.java:36)
[        ] 	at org.gradle.internal.execution.steps.ValidateStep.execute(ValidateStep.java:107)
[        ] 	at org.gradle.internal.execution.steps.ValidateStep.execute(ValidateStep.java:56)
[        ] 	at org.gradle.internal.execution.steps.AbstractCaptureStateBeforeExecutionStep.execute(AbstractCaptureStateBeforeExecutionStep.java:64)
[        ] 	at org.gradle.internal.execution.steps.AbstractCaptureStateBeforeExecutionStep.execute(AbstractCaptureStateBeforeExecutionStep.java:43)
[        ] 	at org.gradle.internal.execution.steps.AbstractSkipEmptyWorkStep.executeWithNonEmptySources(AbstractSkipEmptyWorkStep.java:125)
[        ] 	at org.gradle.internal.execution.steps.AbstractSkipEmptyWorkStep.execute(AbstractSkipEmptyWorkStep.java:56)
[        ] 	at org.gradle.internal.execution.steps.AbstractSkipEmptyWorkStep.execute(AbstractSkipEmptyWorkStep.java:36)
[        ] 	at org.gradle.internal.execution.steps.legacy.MarkSnapshottingInputsStartedStep.execute(MarkSnapshottingInputsStartedStep.java:38)
[        ] 	at org.gradle.internal.execution.steps.LoadPreviousExecutionStateStep.execute(LoadPreviousExecutionStateStep.java:36)
[        ] 	at org.gradle.internal.execution.steps.LoadPreviousExecutionStateStep.execute(LoadPreviousExecutionStateStep.java:23)
[        ] 	at org.gradle.internal.execution.steps.HandleStaleOutputsStep.execute(HandleStaleOutputsStep.java:75)
[        ] 	at org.gradle.internal.execution.steps.HandleStaleOutputsStep.execute(HandleStaleOutputsStep.java:41)
[        ] 	at org.gradle.internal.execution.steps.AssignMutableWorkspaceStep.lambda$execute$0(AssignMutableWorkspaceStep.java:35)
[        ] 	at org.gradle.api.internal.tasks.execution.TaskExecution$4.withWorkspace(TaskExecution.java:289)
[        ] 	at org.gradle.internal.execution.steps.AssignMutableWorkspaceStep.execute(AssignMutableWorkspaceStep.java:31)
[        ] 	at org.gradle.internal.execution.steps.AssignMutableWorkspaceStep.execute(AssignMutableWorkspaceStep.java:22)
[        ] 	at org.gradle.internal.execution.steps.ChoosePipelineStep.execute(ChoosePipelineStep.java:40)
[        ] 	at org.gradle.internal.execution.steps.ChoosePipelineStep.execute(ChoosePipelineStep.java:23)
[        ] 	at org.gradle.internal.execution.steps.ExecuteWorkBuildOperationFiringStep.lambda$execute$2(ExecuteWorkBuildOperationFiringStep.java:67)
[        ] 	at java.base/java.util.Optional.orElseGet(Unknown Source)
[        ] 	at org.gradle.internal.execution.steps.ExecuteWorkBuildOperationFiringStep.execute(ExecuteWorkBuildOperationFiringStep.java:67)
[        ] 	at org.gradle.internal.execution.steps.ExecuteWorkBuildOperationFiringStep.execute(ExecuteWorkBuildOperationFiringStep.java:39)
[        ] 	at org.gradle.internal.execution.steps.IdentityCacheStep.execute(IdentityCacheStep.java:46)
[        ] 	at org.gradle.internal.execution.steps.IdentityCacheStep.execute(IdentityCacheStep.java:34)
[        ] 	at org.gradle.internal.execution.steps.IdentifyStep.execute(IdentifyStep.java:48)
[        ] 	at org.gradle.internal.execution.steps.IdentifyStep.execute(IdentifyStep.java:35)
[        ] 	at org.gradle.internal.execution.impl.DefaultExecutionEngine$1.execute(DefaultExecutionEngine.java:64)
[        ] 	at org.gradle.api.internal.tasks.execution.ExecuteActionsTaskExecuter.executeIfValid(ExecuteActionsTaskExecuter.java:127)
[        ] 	at org.gradle.api.internal.tasks.execution.ExecuteActionsTaskExecuter.execute(ExecuteActionsTaskExecuter.java:116)
[        ] 	at org.gradle.api.internal.tasks.execution.ProblemsTaskPathTrackingTaskExecuter.execute(ProblemsTaskPathTrackingTaskExecuter.java:41)
[        ] 	at org.gradle.api.internal.tasks.execution.FinalizePropertiesTaskExecuter.execute(FinalizePropertiesTaskExecuter.java:46)
[        ] 	at org.gradle.api.internal.tasks.execution.ResolveTaskExecutionModeExecuter.execute(ResolveTaskExecutionModeExecuter.java:51)
[        ] 	at org.gradle.api.internal.tasks.execution.SkipTaskWithNoActionsExecuter.execute(SkipTaskWithNoActionsExecuter.java:57)
[        ] 	at org.gradle.api.internal.tasks.execution.SkipOnlyIfTaskExecuter.execute(SkipOnlyIfTaskExecuter.java:74)
[        ] 	at org.gradle.api.internal.tasks.execution.CatchExceptionTaskExecuter.execute(CatchExceptionTaskExecuter.java:36)
[        ] 	at org.gradle.api.internal.tasks.execution.EventFiringTaskExecuter$1.executeTask(EventFiringTaskExecuter.java:77)
[        ] 	at org.gradle.api.internal.tasks.execution.EventFiringTaskExecuter$1.call(EventFiringTaskExecuter.java:55)
[        ] 	at org.gradle.api.internal.tasks.execution.EventFiringTaskExecuter$1.call(EventFiringTaskExecuter.java:52)
[        ] 	at org.gradle.internal.operations.DefaultBuildOperationRunner$CallableBuildOperationWorker.execute(DefaultBuildOperationRunner.java:210)
[        ] 	at org.gradle.internal.operations.DefaultBuildOperationRunner$CallableBuildOperationWorker.execute(DefaultBuildOperationRunner.java:205)
[        ] 	at org.gradle.internal.operations.DefaultBuildOperationRunner$2.execute(DefaultBuildOperationRunner.java:67)
[        ] 	at org.gradle.internal.operations.DefaultBuildOperationRunner$2.execute(DefaultBuildOperationRunner.java:60)
[        ] 	at org.gradle.internal.operations.DefaultBuildOperationRunner.execute(DefaultBuildOperationRunner.java:167)
[        ] 	at org.gradle.internal.operations.DefaultBuildOperationRunner.execute(DefaultBuildOperationRunner.java:60)
[        ] 	at org.gradle.internal.operations.DefaultBuildOperationRunner.call(DefaultBuildOperationRunner.java:54)
[        ] 	at org.gradle.api.internal.tasks.execution.EventFiringTaskExecuter.execute(EventFiringTaskExecuter.java:52)
[        ] 	at org.gradle.execution.plan.LocalTaskNodeExecutor.execute(LocalTaskNodeExecutor.java:42)
[        ] 	at org.gradle.execution.taskgraph.DefaultTaskExecutionGraph$InvokeNodeExecutorsAction.execute(DefaultTaskExecutionGraph.java:331)
[        ] 	at org.gradle.execution.taskgraph.DefaultTaskExecutionGraph$InvokeNodeExecutorsAction.execute(DefaultTaskExecutionGraph.java:318)
[        ] 	at org.gradle.execution.taskgraph.DefaultTaskExecutionGraph$BuildOperationAwareExecutionAction.lambda$execute$0(DefaultTaskExecutionGraph.java:314)
[        ] 	at org.gradle.internal.operations.CurrentBuildOperationRef.with(CurrentBuildOperationRef.java:85)
[        ] 	at org.gradle.execution.taskgraph.DefaultTaskExecutionGraph$BuildOperationAwareExecutionAction.execute(DefaultTaskExecutionGraph.java:314)
[        ] 	at org.gradle.execution.taskgraph.DefaultTaskExecutionGraph$BuildOperationAwareExecutionAction.execute(DefaultTaskExecutionGraph.java:303)
[        ] 	at org.gradle.execution.plan.DefaultPlanExecutor$ExecutorWorker.execute(DefaultPlanExecutor.java:459)
[        ] 	at org.gradle.execution.plan.DefaultPlanExecutor$ExecutorWorker.run(DefaultPlanExecutor.java:376)
[        ] 	at org.gradle.internal.concurrent.ExecutorPolicy$CatchAndRecordFailures.onExecute(ExecutorPolicy.java:64)
[        ] 	at org.gradle.internal.concurrent.AbstractManagedExecutor$1.run(AbstractManagedExecutor.java:48)
[        ] 	at java.base/java.util.concurrent.ThreadPoolExecutor.runWorker(Unknown Source)
[        ] 	at java.base/java.util.concurrent.ThreadPoolExecutor$Worker.run(Unknown Source)
[        ] 	at java.base/java.lang.Thread.run(Unknown Source)
[        ] BUILD FAILED in 2s
[  +35 ms] Running Gradle task 'bundleRelease'... (completed in 2,380ms)
[  +15 ms] "flutter appbundle" took 3,064ms.
[   +1 ms] executing: sw_vers -productName
[  +14 ms] Exit code 0 from: sw_vers -productName
[        ] macOS
[        ] executing: sw_vers -productVersion
[  +16 ms] Exit code 0 from: sw_vers -productVersion
[        ] 26.2
[        ] executing: sw_vers -buildVersion
[  +10 ms] Exit code 0 from: sw_vers -buildVersion
[        ] 25C56
[        ] executing: uname -m
[   +5 ms] Exit code 0 from: uname -m
[        ] arm64
[  +37 ms] Gradle task bundleRelease failed with exit code 1
[        ] 
           #0      throwToolExit (package:flutter_tools/src/base/common.dart:34:3)
           #1      AndroidGradleBuilder.buildGradleApp (package:flutter_tools/src/android/gradle.dart:592:7)
           <asynchronous suspension>
           #2      AndroidGradleBuilder.buildAab (package:flutter_tools/src/android/gradle.dart:255:5)
           <asynchronous suspension>
           #3      BuildAppBundleCommand.runCommand (package:flutter_tools/src/commands/build_appbundle.dart:168:5)
           <asynchronous suspension>
           #4      FlutterCommand.run.<anonymous closure> (package:flutter_tools/src/runner/flutter_command.dart:1559:27)
           <asynchronous suspension>
           #5      AppContext.run.<anonymous closure> (package:flutter_tools/src/base/context.dart:154:19)
           <asynchronous suspension>
           #6      CommandRunner.runCommand (package:args/command_runner.dart:212:13)
           <asynchronous suspension>
           #7      FlutterCommandRunner.runCommand.<anonymous closure> (package:flutter_tools/src/runner/flutter_command_runner.dart:487:9)
           <asynchronous suspension>
           #8      AppContext.run.<anonymous closure> (package:flutter_tools/src/base/context.dart:154:19)
           <asynchronous suspension>
           #9      FlutterCommandRunner.runCommand (package:flutter_tools/src/runner/flutter_command_runner.dart:422:5)
           <asynchronous suspension>
           #10     run.<anonymous closure>.<anonymous closure> (package:flutter_tools/runner.dart:104:11)
           <asynchronous suspension>
           #11     AppContext.run.<anonymous closure> (package:flutter_tools/src/base/context.dart:154:19)
           <asynchronous suspension>
           #12     main (package:flutter_tools/executable.dart:103:3)
           <asynchronous suspension>


[        ] Running 1 shutdown hook
[   +1 ms] Shutdown hooks complete
[ +134 ms] exiting with code 1
